[2025-09-17 17:44:34] === INICIANDO COLETA COMPLETA DOS DADOS PÉ-DE-MEIA (VERSÃO OTIMIZADA) ===
[2025-09-17 17:44:34] Total de períodos: 21
[2025-09-17 17:44:34] === FASE 1: DOWNLOAD DOS ARQUIVOS ===
[2025-09-17 17:44:34] Baixando dados para 2024/01...
[2025-09-17 17:44:35] Arquivo ZIP detectado, extraindo...
[2025-09-17 17:44:42] ✓ Dados salvos: /home/ubuntu/pe_de_meia_temp/pe_de_meia_202401.csv
[2025-09-17 17:44:43] Baixando dados para 2024/02...
[2025-09-17 17:44:44] Arquivo ZIP detectado, extraindo...
[2025-09-17 17:44:48] ✓ Dados salvos: /home/ubuntu/pe_de_meia_temp/pe_de_meia_202402.csv
[2025-09-17 17:44:49] Baixando dados para 2024/03...
[2025-09-17 17:44:50] Arquivo ZIP detectado, extraindo...
[2025-09-17 17:44:55] ✓ Dados salvos: /home/ubuntu/pe_de_meia_temp/pe_de_meia_202403.csv
[2025-09-17 17:44:56] Baixando dados para 2024/04...
[2025-09-17 17:44:57] Arquivo ZIP detectado, extraindo...
[2025-09-17 17:45:01] ✓ Dados salvos: /home/ubuntu/pe_de_meia_temp/pe_de_meia_202404.csv
[2025-09-17 17:45:02] Baixando dados para 2024/05...
[2025-09-17 17:45:03] Arquivo ZIP detectado, extraindo...
[2025-09-17 17:45:07] ✓ Dados salvos: /home/ubuntu/pe_de_meia_temp/pe_de_meia_202405.csv
[2025-09-17 17:45:08] Baixando dados para 2024/06...
[2025-09-17 17:45:09] Arquivo ZIP detectado, extraindo...
[2025-09-17 17:45:15] ✓ Dados salvos: /home/ubuntu/pe_de_meia_temp/pe_de_meia_202406.csv
[2025-09-17 17:45:16] Baixando dados para 2024/07...
[2025-09-17 17:45:17] Arquivo ZIP detectado, extraindo...
[2025-09-17 17:45:23] ✓ Dados salvos: /home/ubuntu/pe_de_meia_temp/pe_de_meia_202407.csv
[2025-09-17 17:45:24] Baixando dados para 2024/08...
[2025-09-17 17:45:25] Arquivo ZIP detectado, extraindo...
[2025-09-17 17:45:30] ✓ Dados salvos: /home/ubuntu/pe_de_meia_temp/pe_de_meia_202408.csv
[2025-09-17 17:45:31] Baixando dados para 2024/09...
[2025-09-17 17:45:33] Arquivo ZIP detectado, extraindo...
[2025-09-17 17:45:38] ✓ Dados salvos: /home/ubuntu/pe_de_meia_temp/pe_de_meia_202409.csv
[2025-09-17 17:45:39] Baixando dados para 2024/10...
[2025-09-17 17:45:40] Arquivo ZIP detectado, extraindo...
[2025-09-17 17:45:40] ✓ Dados salvos: /home/ubuntu/pe_de_meia_temp/pe_de_meia_202410.csv
[2025-09-17 17:45:41] Baixando dados para 2024/11...
[2025-09-17 17:45:42] Arquivo ZIP detectado, extraindo...
[2025-09-17 17:45:48] ✓ Dados salvos: /home/ubuntu/pe_de_meia_temp/pe_de_meia_202411.csv
[2025-09-17 17:45:49] Baixando dados para 2024/12...
[2025-09-17 17:45:50] Arquivo ZIP detectado, extraindo...
[2025-09-17 17:45:51] ✓ Dados salvos: /home/ubuntu/pe_de_meia_temp/pe_de_meia_202412.csv
[2025-09-17 17:45:52] Baixando dados para 2025/01...
[2025-09-17 17:45:53] Arquivo ZIP detectado, extraindo...
[2025-09-17 17:45:59] ✓ Dados salvos: /home/ubuntu/pe_de_meia_temp/pe_de_meia_202501.csv
[2025-09-17 17:46:00] Baixando dados para 2025/02...
[2025-09-17 17:46:02] ✗ Erro 403 para 2025/02
[2025-09-17 17:46:03] Baixando dados para 2025/03...
[2025-09-17 17:46:04] ✗ Erro 403 para 2025/03
[2025-09-17 17:46:05] Baixando dados para 2025/04...
[2025-09-17 17:46:06] ✗ Erro 403 para 2025/04
[2025-09-17 17:46:07] Baixando dados para 2025/05...
[2025-09-17 17:46:08] ✗ Erro 403 para 2025/05
[2025-09-17 17:46:09] Baixando dados para 2025/06...
[2025-09-17 17:46:11] ✗ Erro 403 para 2025/06
[2025-09-17 17:46:12] Baixando dados para 2025/07...
[2025-09-17 17:46:13] ✗ Erro 403 para 2025/07
[2025-09-17 17:46:14] Baixando dados para 2025/08...
[2025-09-17 17:46:15] ✗ Erro 403 para 2025/08
[2025-09-17 17:46:16] Baixando dados para 2025/09...
[2025-09-17 17:46:17] ✗ Erro 403 para 2025/09
[2025-09-17 17:46:18] Downloads concluídos: 13/21
[2025-09-17 17:46:18] === FASE 2: PROCESSAMENTO DOS DADOS ===
[2025-09-17 17:46:18] Processando lote 1/3
[2025-09-17 17:46:18] Processando /home/ubuntu/pe_de_meia_temp/pe_de_meia_202401.csv...
[2025-09-17 17:46:37] Carregado: 4070435 registros, colunas: ['MS FOLHA', 'MS REFERNCIA', 'UF', 'CDIGO MUNICPIO SIAFI', 'NOME MUNICPIO', 'NIS BENEFICIRIO', 'CPF BENEFICIRIO', 'NOME BENEFICIRIO', 'NIS RESPONSVEL', 'CPF RESPONSVEL', 'NOME RESPONSVEL', 'CDIGO ETAPA ENSINO', 'ETAPA ENSINO', 'CDIGO TIPO INCENTIVO', 'TIPO INCENTIVO', 'DATA DO PAGAMENTO', 'VALOR PARCELA']
[2025-09-17 17:46:37] ✓ Processado: 4070435 registros para 2024/01
[2025-09-17 17:46:38] Processando /home/ubuntu/pe_de_meia_temp/pe_de_meia_202402.csv...
[2025-09-17 17:46:50] Carregado: 2836087 registros, colunas: ['MS FOLHA', 'MS REFERNCIA', 'UF', 'CDIGO MUNICPIO SIAFI', 'NOME MUNICPIO', 'NIS BENEFICIRIO', 'CPF BENEFICIRIO', 'NOME BENEFICIRIO', 'NIS RESPONSVEL', 'CPF RESPONSVEL', 'NOME RESPONSVEL', 'CDIGO ETAPA ENSINO', 'ETAPA ENSINO', 'CDIGO TIPO INCENTIVO', 'TIPO INCENTIVO', 'DATA DO PAGAMENTO', 'VALOR PARCELA']
[2025-09-17 17:46:50] ✓ Processado: 2836087 registros para 2024/02
[2025-09-17 17:46:50] Processando /home/ubuntu/pe_de_meia_temp/pe_de_meia_202403.csv...
[2025-09-17 17:47:02] Carregado: 2819691 registros, colunas: ['MS FOLHA', 'MS REFERNCIA', 'UF', 'CDIGO MUNICPIO SIAFI', 'NOME MUNICPIO', 'NIS BENEFICIRIO', 'CPF BENEFICIRIO', 'NOME BENEFICIRIO', 'NIS RESPONSVEL', 'CPF RESPONSVEL', 'NOME RESPONSVEL', 'CDIGO ETAPA ENSINO', 'ETAPA ENSINO', 'CDIGO TIPO INCENTIVO', 'TIPO INCENTIVO', 'DATA DO PAGAMENTO', 'VALOR PARCELA']
[2025-09-17 17:47:03] ✓ Processado: 2819691 registros para 2024/03
[2025-09-17 17:47:03] Processando /home/ubuntu/pe_de_meia_temp/pe_de_meia_202404.csv...
[2025-09-17 17:47:15] Carregado: 2775603 registros, colunas: ['MS FOLHA', 'MS REFERNCIA', 'UF', 'CDIGO MUNICPIO SIAFI', 'NOME MUNICPIO', 'NIS BENEFICIRIO', 'CPF BENEFICIRIO', 'NOME BENEFICIRIO', 'NIS RESPONSVEL', 'CPF RESPONSVEL', 'NOME RESPONSVEL', 'CDIGO ETAPA ENSINO', 'ETAPA ENSINO', 'CDIGO TIPO INCENTIVO', 'TIPO INCENTIVO', 'DATA DO PAGAMENTO', 'VALOR PARCELA']
[2025-09-17 17:47:15] ✓ Processado: 2775603 registros para 2024/04
[2025-09-17 17:47:15] Processando /home/ubuntu/pe_de_meia_temp/pe_de_meia_202405.csv...
[2025-09-17 17:47:26] Carregado: 2493053 registros, colunas: ['MS FOLHA', 'MS REFERNCIA', 'UF', 'CDIGO MUNICPIO SIAFI', 'NOME MUNICPIO', 'NIS BENEFICIRIO', 'CPF BENEFICIRIO', 'NOME BENEFICIRIO', 'NIS RESPONSVEL', 'CPF RESPONSVEL', 'NOME RESPONSVEL', 'CDIGO ETAPA ENSINO', 'ETAPA ENSINO', 'CDIGO TIPO INCENTIVO', 'TIPO INCENTIVO', 'DATA DO PAGAMENTO', 'VALOR PARCELA']
[2025-09-17 17:47:27] ✓ Processado: 2493053 registros para 2024/05
[2025-09-17 17:47:49] Lote salvo: /home/ubuntu/pe_de_meia_batch_1.csv (14994869 registros)
[2025-09-17 17:47:49] Processando lote 2/3
[2025-09-17 17:47:49] Processando /home/ubuntu/pe_de_meia_temp/pe_de_meia_202406.csv...
[2025-09-17 17:48:03] Carregado: 3454416 registros, colunas: ['MS FOLHA', 'MS REFERNCIA', 'UF', 'CDIGO MUNICPIO SIAFI', 'NOME MUNICPIO', 'NIS BENEFICIRIO', 'CPF BENEFICIRIO', 'NOME BENEFICIRIO', 'NIS RESPONSVEL', 'CPF RESPONSVEL', 'NOME RESPONSVEL', 'CDIGO ETAPA ENSINO', 'ETAPA ENSINO', 'CDIGO TIPO INCENTIVO', 'TIPO INCENTIVO', 'DATA DO PAGAMENTO', 'VALOR PARCELA']
[2025-09-17 17:48:04] ✓ Processado: 3454416 registros para 2024/06
[2025-09-17 17:48:04] Processando /home/ubuntu/pe_de_meia_temp/pe_de_meia_202407.csv...
[2025-09-17 17:48:19] Carregado: 3516848 registros, colunas: ['MS FOLHA', 'MS REFERNCIA', 'UF', 'CDIGO MUNICPIO SIAFI', 'NOME MUNICPIO', 'NIS BENEFICIRIO', 'CPF BENEFICIRIO', 'NOME BENEFICIRIO', 'NIS RESPONSVEL', 'CPF RESPONSVEL', 'NOME RESPONSVEL', 'CDIGO ETAPA ENSINO', 'ETAPA ENSINO', 'CDIGO TIPO INCENTIVO', 'TIPO INCENTIVO', 'DATA DO PAGAMENTO', 'VALOR PARCELA']
[2025-09-17 17:48:19] ✓ Processado: 3516848 registros para 2024/07
[2025-09-17 17:48:20] Processando /home/ubuntu/pe_de_meia_temp/pe_de_meia_202408.csv...
[2025-09-17 17:48:35] Carregado: 3403180 registros, colunas: ['MS FOLHA', 'MS REFERNCIA', 'UF', 'CDIGO MUNICPIO SIAFI', 'NOME MUNICPIO', 'NIS BENEFICIRIO', 'CPF BENEFICIRIO', 'NOME BENEFICIRIO', 'NIS RESPONSVEL', 'CPF RESPONSVEL', 'NOME RESPONSVEL', 'CDIGO ETAPA ENSINO', 'ETAPA ENSINO', 'CDIGO TIPO INCENTIVO', 'TIPO INCENTIVO', 'DATA DO PAGAMENTO', 'VALOR PARCELA']
[2025-09-17 17:48:35] ✓ Processado: 3403180 registros para 2024/08
[2025-09-17 17:48:35] Processando /home/ubuntu/pe_de_meia_temp/pe_de_meia_202409.csv...
[2025-09-17 17:48:50] Carregado: 3308089 registros, colunas: ['MS FOLHA', 'MS REFERNCIA', 'UF', 'CDIGO MUNICPIO SIAFI', 'NOME MUNICPIO', 'NIS BENEFICIRIO', 'CPF BENEFICIRIO', 'NOME BENEFICIRIO', 'NIS RESPONSVEL', 'CPF RESPONSVEL', 'NOME RESPONSVEL', 'CDIGO ETAPA ENSINO', 'ETAPA ENSINO', 'CDIGO TIPO INCENTIVO', 'TIPO INCENTIVO', 'DATA DO PAGAMENTO', 'VALOR PARCELA']
[2025-09-17 17:48:50] ✓ Processado: 3308089 registros para 2024/09
[2025-09-17 17:48:51] Processando /home/ubuntu/pe_de_meia_temp/pe_de_meia_202410.csv...
[2025-09-17 17:48:51] Carregado: 94760 registros, colunas: ['MS FOLHA', 'MS REFERNCIA', 'UF', 'CDIGO MUNICPIO SIAFI', 'NOME MUNICPIO', 'NIS BENEFICIRIO', 'CPF BENEFICIRIO', 'NOME BENEFICIRIO', 'NIS RESPONSVEL', 'CPF RESPONSVEL', 'NOME RESPONSVEL', 'CDIGO ETAPA ENSINO', 'ETAPA ENSINO', 'CDIGO TIPO INCENTIVO', 'TIPO INCENTIVO', 'DATA DO PAGAMENTO', 'VALOR PARCELA']
[2025-09-17 17:48:51] ✓ Processado: 94760 registros para 2024/10
[2025-09-17 17:49:10] Lote salvo: /home/ubuntu/pe_de_meia_batch_2.csv (13777293 registros)
[2025-09-17 17:49:11] Processando lote 3/3
[2025-09-17 17:49:11] Processando /home/ubuntu/pe_de_meia_temp/pe_de_meia_202411.csv...
[2025-09-17 17:49:26] Carregado: 3359286 registros, colunas: ['MS FOLHA', 'MS REFERNCIA', 'UF', 'CDIGO MUNICPIO SIAFI', 'NOME MUNICPIO', 'NIS BENEFICIRIO', 'CPF BENEFICIRIO', 'NOME BENEFICIRIO', 'NIS RESPONSVEL', 'CPF RESPONSVEL', 'NOME RESPONSVEL', 'CDIGO ETAPA ENSINO', 'ETAPA ENSINO', 'CDIGO TIPO INCENTIVO', 'TIPO INCENTIVO', 'DATA DO PAGAMENTO', 'VALOR PARCELA']
[2025-09-17 17:49:26] ✓ Processado: 3359286 registros para 2024/11
[2025-09-17 17:49:26] Processando /home/ubuntu/pe_de_meia_temp/pe_de_meia_202412.csv...
[2025-09-17 17:49:28] Carregado: 494203 registros, colunas: ['MS FOLHA', 'MS REFERNCIA', 'UF', 'CDIGO MUNICPIO SIAFI', 'NOME MUNICPIO', 'NIS BENEFICIRIO', 'CPF BENEFICIRIO', 'NOME BENEFICIRIO', 'NIS RESPONSVEL', 'CPF RESPONSVEL', 'NOME RESPONSVEL', 'CDIGO ETAPA ENSINO', 'ETAPA ENSINO', 'CDIGO TIPO INCENTIVO', 'TIPO INCENTIVO', 'DATA DO PAGAMENTO', 'VALOR PARCELA']
[2025-09-17 17:49:28] ✓ Processado: 494203 registros para 2024/12
[2025-09-17 17:49:28] Processando /home/ubuntu/pe_de_meia_temp/pe_de_meia_202501.csv...
[2025-09-17 17:49:46] Carregado: 3997527 registros, colunas: ['MS FOLHA', 'MS REFERNCIA', 'UF', 'CDIGO MUNICPIO SIAFI', 'NOME MUNICPIO', 'NIS BENEFICIRIO', 'CPF BENEFICIRIO', 'NOME BENEFICIRIO', 'NIS RESPONSVEL', 'CPF RESPONSVEL', 'NOME RESPONSVEL', 'CDIGO ETAPA ENSINO', 'ETAPA ENSINO', 'CDIGO TIPO INCENTIVO', 'TIPO INCENTIVO', 'DATA DO PAGAMENTO', 'VALOR PARCELA']
[2025-09-17 17:49:47] ✓ Processado: 3997527 registros para 2025/01
[2025-09-17 17:49:59] Lote salvo: /home/ubuntu/pe_de_meia_batch_3.csv (7851016 registros)
[2025-09-17 17:49:59] === FASE 3: CONSOLIDAÇÃO FINAL ===
[2025-09-17 17:49:59] Carregando /home/ubuntu/pe_de_meia_batch_1.csv...
[2025-09-17 17:50:08] Carregando /home/ubuntu/pe_de_meia_batch_2.csv...
[2025-09-17 17:50:16] Carregando /home/ubuntu/pe_de_meia_batch_3.csv...
[2025-09-17 17:50:20] Consolidando dados finais...
[2025-09-17 17:50:26] Registros antes da remoção de duplicatas: 36623178
[2025-09-17 17:50:26] Registros após remoção de duplicatas: 1
[2025-09-17 17:50:26] === COLETA CONCLUÍDA COM SUCESSO ===
[2025-09-17 17:50:26] Arquivo final: /home/ubuntu/dados_portal_transparencia_completo.csv
[2025-09-17 17:50:26] Total de registros: 1
[2025-09-17 17:50:26] Colunas: ['Detalhar', 'Mês Referência', 'UF', 'Município', 'Beneficiário', 'CPF do Beneficiário', 'Representante Legal', 'Valor Disponibilizado']
[2025-09-17 17:50:26] === ESTATÍSTICAS FINAIS ===
[2025-09-17 17:50:26] Estados únicos: 1
[2025-09-17 17:50:26] Municípios únicos: 0
[2025-09-17 17:50:26] Beneficiários únicos: 0
[2025-09-17 17:50:26] Limpando arquivos temporários...
[2025-09-17 17:50:26] ✓ Limpeza concluída
