[2025-09-17 17:54:59] === INICIANDO COLETA COMPLETA DOS DADOS PÉ-DE-MEIA (VERSÃO ULTRA-OTIMIZADA) ===
[2025-09-17 17:54:59] Períodos a processar: 13
[2025-09-17 17:54:59] Processando 2024/01...
[2025-09-17 17:55:05] Processando chunk 1 de 2024/01 (50000 registros)
[2025-09-17 17:55:05] Processando chunk 2 de 2024/01 (50000 registros)
[2025-09-17 17:55:05] Processando chunk 3 de 2024/01 (50000 registros)
[2025-09-17 17:55:05] Processando chunk 4 de 2024/01 (50000 registros)
[2025-09-17 17:55:06] Processando chunk 5 de 2024/01 (50000 registros)
[2025-09-17 17:55:06] Processando chunk 6 de 2024/01 (50000 registros)
[2025-09-17 17:55:06] Processando chunk 7 de 2024/01 (50000 registros)
[2025-09-17 17:55:06] Processando chunk 8 de 2024/01 (50000 registros)
[2025-09-17 17:55:06] Processando chunk 9 de 2024/01 (50000 registros)
[2025-09-17 17:55:07] Processando chunk 10 de 2024/01 (50000 registros)
[2025-09-17 17:55:07] Processando chunk 11 de 2024/01 (50000 registros)
[2025-09-17 17:55:07] Processando chunk 12 de 2024/01 (50000 registros)
[2025-09-17 17:55:07] Processando chunk 13 de 2024/01 (50000 registros)
[2025-09-17 17:55:08] Processando chunk 14 de 2024/01 (50000 registros)
[2025-09-17 17:55:08] Processando chunk 15 de 2024/01 (50000 registros)
[2025-09-17 17:55:08] Processando chunk 16 de 2024/01 (50000 registros)
[2025-09-17 17:55:08] Processando chunk 17 de 2024/01 (50000 registros)
[2025-09-17 17:55:09] Processando chunk 18 de 2024/01 (50000 registros)
[2025-09-17 17:55:09] Processando chunk 19 de 2024/01 (50000 registros)
[2025-09-17 17:55:09] Processando chunk 20 de 2024/01 (50000 registros)
[2025-09-17 17:55:09] Processando chunk 21 de 2024/01 (50000 registros)
[2025-09-17 17:55:10] Processando chunk 22 de 2024/01 (50000 registros)
[2025-09-17 17:55:10] Processando chunk 23 de 2024/01 (50000 registros)
[2025-09-17 17:55:10] Processando chunk 24 de 2024/01 (50000 registros)
[2025-09-17 17:55:10] Processando chunk 25 de 2024/01 (50000 registros)
[2025-09-17 17:55:10] Processando chunk 26 de 2024/01 (50000 registros)
[2025-09-17 17:55:11] Processando chunk 27 de 2024/01 (50000 registros)
[2025-09-17 17:55:11] Processando chunk 28 de 2024/01 (50000 registros)
[2025-09-17 17:55:11] Processando chunk 29 de 2024/01 (50000 registros)
[2025-09-17 17:55:11] Processando chunk 30 de 2024/01 (50000 registros)
[2025-09-17 17:55:12] Processando chunk 31 de 2024/01 (50000 registros)
[2025-09-17 17:55:12] Processando chunk 32 de 2024/01 (50000 registros)
[2025-09-17 17:55:12] Processando chunk 33 de 2024/01 (50000 registros)
[2025-09-17 17:55:12] Processando chunk 34 de 2024/01 (50000 registros)
[2025-09-17 17:55:13] Processando chunk 35 de 2024/01 (50000 registros)
[2025-09-17 17:55:13] Processando chunk 36 de 2024/01 (50000 registros)
[2025-09-17 17:55:13] Processando chunk 37 de 2024/01 (50000 registros)
[2025-09-17 17:55:13] Processando chunk 38 de 2024/01 (50000 registros)
[2025-09-17 17:55:14] Processando chunk 39 de 2024/01 (50000 registros)
[2025-09-17 17:55:14] Processando chunk 40 de 2024/01 (50000 registros)
[2025-09-17 17:55:14] Processando chunk 41 de 2024/01 (50000 registros)
[2025-09-17 17:55:14] Processando chunk 42 de 2024/01 (50000 registros)
[2025-09-17 17:55:15] Processando chunk 43 de 2024/01 (50000 registros)
[2025-09-17 17:55:15] Processando chunk 44 de 2024/01 (50000 registros)
[2025-09-17 17:55:15] Processando chunk 45 de 2024/01 (50000 registros)
[2025-09-17 17:55:15] Processando chunk 46 de 2024/01 (50000 registros)
[2025-09-17 17:55:15] Processando chunk 47 de 2024/01 (50000 registros)
[2025-09-17 17:55:16] Processando chunk 48 de 2024/01 (50000 registros)
[2025-09-17 17:55:16] Processando chunk 49 de 2024/01 (50000 registros)
[2025-09-17 17:55:16] Processando chunk 50 de 2024/01 (50000 registros)
[2025-09-17 17:55:16] Processando chunk 51 de 2024/01 (50000 registros)
[2025-09-17 17:55:17] Processando chunk 52 de 2024/01 (50000 registros)
[2025-09-17 17:55:17] Processando chunk 53 de 2024/01 (50000 registros)
[2025-09-17 17:55:17] Processando chunk 54 de 2024/01 (50000 registros)
[2025-09-17 17:55:17] Processando chunk 55 de 2024/01 (50000 registros)
[2025-09-17 17:55:18] Processando chunk 56 de 2024/01 (50000 registros)
[2025-09-17 17:55:18] Processando chunk 57 de 2024/01 (50000 registros)
[2025-09-17 17:55:18] Processando chunk 58 de 2024/01 (50000 registros)
[2025-09-17 17:55:18] Processando chunk 59 de 2024/01 (50000 registros)
[2025-09-17 17:55:19] Processando chunk 60 de 2024/01 (50000 registros)
[2025-09-17 17:55:19] Processando chunk 61 de 2024/01 (50000 registros)
[2025-09-17 17:55:19] Processando chunk 62 de 2024/01 (50000 registros)
[2025-09-17 17:55:19] Processando chunk 63 de 2024/01 (50000 registros)
[2025-09-17 17:55:20] Processando chunk 64 de 2024/01 (50000 registros)
[2025-09-17 17:55:20] Processando chunk 65 de 2024/01 (50000 registros)
[2025-09-17 17:55:20] Processando chunk 66 de 2024/01 (50000 registros)
[2025-09-17 17:55:20] Processando chunk 67 de 2024/01 (50000 registros)
[2025-09-17 17:55:21] Processando chunk 68 de 2024/01 (50000 registros)
[2025-09-17 17:55:21] Processando chunk 69 de 2024/01 (50000 registros)
[2025-09-17 17:55:21] Processando chunk 70 de 2024/01 (50000 registros)
[2025-09-17 17:55:21] Processando chunk 71 de 2024/01 (50000 registros)
[2025-09-17 17:55:22] Processando chunk 72 de 2024/01 (50000 registros)
[2025-09-17 17:55:22] Processando chunk 73 de 2024/01 (50000 registros)
[2025-09-17 17:55:22] Processando chunk 74 de 2024/01 (50000 registros)
[2025-09-17 17:55:22] Processando chunk 75 de 2024/01 (50000 registros)
[2025-09-17 17:55:23] Processando chunk 76 de 2024/01 (50000 registros)
[2025-09-17 17:55:23] Processando chunk 77 de 2024/01 (50000 registros)
[2025-09-17 17:55:23] Processando chunk 78 de 2024/01 (50000 registros)
[2025-09-17 17:55:23] Processando chunk 79 de 2024/01 (50000 registros)
[2025-09-17 17:55:24] Processando chunk 80 de 2024/01 (50000 registros)
[2025-09-17 17:55:24] Processando chunk 81 de 2024/01 (50000 registros)
[2025-09-17 17:55:24] Processando chunk 82 de 2024/01 (20435 registros)
[2025-09-17 17:55:24] ✓ Processado: 4070435 registros para 2024/01
[2025-09-17 17:55:25] ✓ Sucesso: 4070435 registros coletados para 2024/01
[2025-09-17 17:55:27] Processando 2024/02...
[2025-09-17 17:55:31] Processando chunk 1 de 2024/02 (50000 registros)
[2025-09-17 17:55:31] Processando chunk 2 de 2024/02 (50000 registros)
[2025-09-17 17:55:31] Processando chunk 3 de 2024/02 (50000 registros)
[2025-09-17 17:55:32] Processando chunk 4 de 2024/02 (50000 registros)
[2025-09-17 17:55:32] Processando chunk 5 de 2024/02 (50000 registros)
[2025-09-17 17:55:32] Processando chunk 6 de 2024/02 (50000 registros)
[2025-09-17 17:55:32] Processando chunk 7 de 2024/02 (50000 registros)
[2025-09-17 17:55:33] Processando chunk 8 de 2024/02 (50000 registros)
[2025-09-17 17:55:33] Processando chunk 9 de 2024/02 (50000 registros)
[2025-09-17 17:55:33] Processando chunk 10 de 2024/02 (50000 registros)
[2025-09-17 17:55:33] Processando chunk 11 de 2024/02 (50000 registros)
[2025-09-17 17:55:34] Processando chunk 12 de 2024/02 (50000 registros)
[2025-09-17 17:55:34] Processando chunk 13 de 2024/02 (50000 registros)
[2025-09-17 17:55:34] Processando chunk 14 de 2024/02 (50000 registros)
[2025-09-17 17:55:34] Processando chunk 15 de 2024/02 (50000 registros)
[2025-09-17 17:55:35] Processando chunk 16 de 2024/02 (50000 registros)
[2025-09-17 17:55:35] Processando chunk 17 de 2024/02 (50000 registros)
[2025-09-17 17:55:35] Processando chunk 18 de 2024/02 (50000 registros)
[2025-09-17 17:55:35] Processando chunk 19 de 2024/02 (50000 registros)
[2025-09-17 17:55:35] Processando chunk 20 de 2024/02 (50000 registros)
[2025-09-17 17:55:36] Processando chunk 21 de 2024/02 (50000 registros)
[2025-09-17 17:55:36] Processando chunk 22 de 2024/02 (50000 registros)
[2025-09-17 17:55:36] Processando chunk 23 de 2024/02 (50000 registros)
[2025-09-17 17:55:36] Processando chunk 24 de 2024/02 (50000 registros)
[2025-09-17 17:55:37] Processando chunk 25 de 2024/02 (50000 registros)
[2025-09-17 17:55:37] Processando chunk 26 de 2024/02 (50000 registros)
[2025-09-17 17:55:37] Processando chunk 27 de 2024/02 (50000 registros)
[2025-09-17 17:55:37] Processando chunk 28 de 2024/02 (50000 registros)
[2025-09-17 17:55:38] Processando chunk 29 de 2024/02 (50000 registros)
[2025-09-17 17:55:38] Processando chunk 30 de 2024/02 (50000 registros)
[2025-09-17 17:55:38] Processando chunk 31 de 2024/02 (50000 registros)
[2025-09-17 17:55:38] Processando chunk 32 de 2024/02 (50000 registros)
[2025-09-17 17:55:39] Processando chunk 33 de 2024/02 (50000 registros)
[2025-09-17 17:55:39] Processando chunk 34 de 2024/02 (50000 registros)
[2025-09-17 17:55:39] Processando chunk 35 de 2024/02 (50000 registros)
[2025-09-17 17:55:39] Processando chunk 36 de 2024/02 (50000 registros)
[2025-09-17 17:55:40] Processando chunk 37 de 2024/02 (50000 registros)
[2025-09-17 17:55:40] Processando chunk 38 de 2024/02 (50000 registros)
[2025-09-17 17:55:40] Processando chunk 39 de 2024/02 (50000 registros)
[2025-09-17 17:55:40] Processando chunk 40 de 2024/02 (50000 registros)
[2025-09-17 17:55:41] Processando chunk 41 de 2024/02 (50000 registros)
[2025-09-17 17:55:41] Processando chunk 42 de 2024/02 (50000 registros)
[2025-09-17 17:55:41] Processando chunk 43 de 2024/02 (50000 registros)
[2025-09-17 17:55:41] Processando chunk 44 de 2024/02 (50000 registros)
[2025-09-17 17:55:42] Processando chunk 45 de 2024/02 (50000 registros)
[2025-09-17 17:55:42] Processando chunk 46 de 2024/02 (50000 registros)
[2025-09-17 17:55:42] Processando chunk 47 de 2024/02 (50000 registros)
[2025-09-17 17:55:42] Processando chunk 48 de 2024/02 (50000 registros)
[2025-09-17 17:55:43] Processando chunk 49 de 2024/02 (50000 registros)
[2025-09-17 17:55:43] Processando chunk 50 de 2024/02 (50000 registros)
[2025-09-17 17:55:43] Processando chunk 51 de 2024/02 (50000 registros)
[2025-09-17 17:55:43] Processando chunk 52 de 2024/02 (50000 registros)
[2025-09-17 17:55:44] Processando chunk 53 de 2024/02 (50000 registros)
[2025-09-17 17:55:44] Processando chunk 54 de 2024/02 (50000 registros)
[2025-09-17 17:55:44] Processando chunk 55 de 2024/02 (50000 registros)
[2025-09-17 17:55:44] Processando chunk 56 de 2024/02 (50000 registros)
[2025-09-17 17:55:45] Processando chunk 57 de 2024/02 (36087 registros)
[2025-09-17 17:55:45] ✓ Processado: 2836087 registros para 2024/02
[2025-09-17 17:55:45] ✓ Sucesso: 2836087 registros coletados para 2024/02
[2025-09-17 17:55:47] Processando 2024/03...
[2025-09-17 17:55:51] Processando chunk 1 de 2024/03 (50000 registros)
[2025-09-17 17:55:52] Processando chunk 2 de 2024/03 (50000 registros)
[2025-09-17 17:55:52] Processando chunk 3 de 2024/03 (50000 registros)
[2025-09-17 17:55:52] Processando chunk 4 de 2024/03 (50000 registros)
[2025-09-17 17:55:52] Processando chunk 5 de 2024/03 (50000 registros)
[2025-09-17 17:55:52] Processando chunk 6 de 2024/03 (50000 registros)
[2025-09-17 17:55:53] Processando chunk 7 de 2024/03 (50000 registros)
[2025-09-17 17:55:53] Processando chunk 8 de 2024/03 (50000 registros)
[2025-09-17 17:55:53] Processando chunk 9 de 2024/03 (50000 registros)
[2025-09-17 17:55:53] Processando chunk 10 de 2024/03 (50000 registros)
[2025-09-17 17:55:54] Processando chunk 11 de 2024/03 (50000 registros)
[2025-09-17 17:55:54] Processando chunk 12 de 2024/03 (50000 registros)
[2025-09-17 17:55:54] Processando chunk 13 de 2024/03 (50000 registros)
[2025-09-17 17:55:54] Processando chunk 14 de 2024/03 (50000 registros)
[2025-09-17 17:55:55] Processando chunk 15 de 2024/03 (50000 registros)
[2025-09-17 17:55:55] Processando chunk 16 de 2024/03 (50000 registros)
[2025-09-17 17:55:55] Processando chunk 17 de 2024/03 (50000 registros)
[2025-09-17 17:55:55] Processando chunk 18 de 2024/03 (50000 registros)
[2025-09-17 17:55:56] Processando chunk 19 de 2024/03 (50000 registros)
[2025-09-17 17:55:56] Processando chunk 20 de 2024/03 (50000 registros)
[2025-09-17 17:55:56] Processando chunk 21 de 2024/03 (50000 registros)
[2025-09-17 17:55:56] Processando chunk 22 de 2024/03 (50000 registros)
[2025-09-17 17:55:57] Processando chunk 23 de 2024/03 (50000 registros)
[2025-09-17 17:55:57] Processando chunk 24 de 2024/03 (50000 registros)
[2025-09-17 17:55:57] Processando chunk 25 de 2024/03 (50000 registros)
[2025-09-17 17:55:57] Processando chunk 26 de 2024/03 (50000 registros)
[2025-09-17 17:55:57] Processando chunk 27 de 2024/03 (50000 registros)
[2025-09-17 17:55:58] Processando chunk 28 de 2024/03 (50000 registros)
[2025-09-17 17:55:58] Processando chunk 29 de 2024/03 (50000 registros)
[2025-09-17 17:55:58] Processando chunk 30 de 2024/03 (50000 registros)
[2025-09-17 17:55:58] Processando chunk 31 de 2024/03 (50000 registros)
[2025-09-17 17:55:59] Processando chunk 32 de 2024/03 (50000 registros)
[2025-09-17 17:55:59] Processando chunk 33 de 2024/03 (50000 registros)
[2025-09-17 17:55:59] Processando chunk 34 de 2024/03 (50000 registros)
[2025-09-17 17:55:59] Processando chunk 35 de 2024/03 (50000 registros)
[2025-09-17 17:56:00] Processando chunk 36 de 2024/03 (50000 registros)
[2025-09-17 17:56:00] Processando chunk 37 de 2024/03 (50000 registros)
[2025-09-17 17:56:00] Processando chunk 38 de 2024/03 (50000 registros)
[2025-09-17 17:56:00] Processando chunk 39 de 2024/03 (50000 registros)
[2025-09-17 17:56:01] Processando chunk 40 de 2024/03 (50000 registros)
[2025-09-17 17:56:01] Processando chunk 41 de 2024/03 (50000 registros)
[2025-09-17 17:56:01] Processando chunk 42 de 2024/03 (50000 registros)
[2025-09-17 17:56:01] Processando chunk 43 de 2024/03 (50000 registros)
[2025-09-17 17:56:02] Processando chunk 44 de 2024/03 (50000 registros)
[2025-09-17 17:56:02] Processando chunk 45 de 2024/03 (50000 registros)
[2025-09-17 17:56:02] Processando chunk 46 de 2024/03 (50000 registros)
[2025-09-17 17:56:02] Processando chunk 47 de 2024/03 (50000 registros)
[2025-09-17 17:56:03] Processando chunk 48 de 2024/03 (50000 registros)
[2025-09-17 17:56:03] Processando chunk 49 de 2024/03 (50000 registros)
[2025-09-17 17:56:03] Processando chunk 50 de 2024/03 (50000 registros)
[2025-09-17 17:56:04] Processando chunk 51 de 2024/03 (50000 registros)
[2025-09-17 17:56:04] Processando chunk 52 de 2024/03 (50000 registros)
[2025-09-17 17:56:04] Processando chunk 53 de 2024/03 (50000 registros)
[2025-09-17 17:56:04] Processando chunk 54 de 2024/03 (50000 registros)
[2025-09-17 17:56:04] Processando chunk 55 de 2024/03 (50000 registros)
[2025-09-17 17:56:05] Processando chunk 56 de 2024/03 (50000 registros)
[2025-09-17 17:56:05] Processando chunk 57 de 2024/03 (19691 registros)
[2025-09-17 17:56:05] ✓ Processado: 2819691 registros para 2024/03
[2025-09-17 17:56:05] ✓ Sucesso: 2819691 registros coletados para 2024/03
[2025-09-17 17:56:07] Processando 2024/04...
[2025-09-17 17:56:11] Processando chunk 1 de 2024/04 (50000 registros)
[2025-09-17 17:56:12] Processando chunk 2 de 2024/04 (50000 registros)
[2025-09-17 17:56:12] Processando chunk 3 de 2024/04 (50000 registros)
[2025-09-17 17:56:12] Processando chunk 4 de 2024/04 (50000 registros)
[2025-09-17 17:56:12] Processando chunk 5 de 2024/04 (50000 registros)
[2025-09-17 17:56:12] Processando chunk 6 de 2024/04 (50000 registros)
[2025-09-17 17:56:13] Processando chunk 7 de 2024/04 (50000 registros)
[2025-09-17 17:56:13] Processando chunk 8 de 2024/04 (50000 registros)
[2025-09-17 17:56:13] Processando chunk 9 de 2024/04 (50000 registros)
[2025-09-17 17:56:13] Processando chunk 10 de 2024/04 (50000 registros)
[2025-09-17 17:56:14] Processando chunk 11 de 2024/04 (50000 registros)
[2025-09-17 17:56:14] Processando chunk 12 de 2024/04 (50000 registros)
[2025-09-17 17:56:14] Processando chunk 13 de 2024/04 (50000 registros)
[2025-09-17 17:56:14] Processando chunk 14 de 2024/04 (50000 registros)
[2025-09-17 17:56:15] Processando chunk 15 de 2024/04 (50000 registros)
[2025-09-17 17:56:15] Processando chunk 16 de 2024/04 (50000 registros)
[2025-09-17 17:56:15] Processando chunk 17 de 2024/04 (50000 registros)
[2025-09-17 17:56:15] Processando chunk 18 de 2024/04 (50000 registros)
[2025-09-17 17:56:16] Processando chunk 19 de 2024/04 (50000 registros)
[2025-09-17 17:56:16] Processando chunk 20 de 2024/04 (50000 registros)
[2025-09-17 17:56:16] Processando chunk 21 de 2024/04 (50000 registros)
[2025-09-17 17:56:16] Processando chunk 22 de 2024/04 (50000 registros)
[2025-09-17 17:56:17] Processando chunk 23 de 2024/04 (50000 registros)
[2025-09-17 17:56:17] Processando chunk 24 de 2024/04 (50000 registros)
[2025-09-17 17:56:17] Processando chunk 25 de 2024/04 (50000 registros)
[2025-09-17 17:56:17] Processando chunk 26 de 2024/04 (50000 registros)
[2025-09-17 17:56:18] Processando chunk 27 de 2024/04 (50000 registros)
[2025-09-17 17:56:18] Processando chunk 28 de 2024/04 (50000 registros)
[2025-09-17 17:56:18] Processando chunk 29 de 2024/04 (50000 registros)
[2025-09-17 17:56:18] Processando chunk 30 de 2024/04 (50000 registros)
[2025-09-17 17:56:18] Processando chunk 31 de 2024/04 (50000 registros)
[2025-09-17 17:56:19] Processando chunk 32 de 2024/04 (50000 registros)
[2025-09-17 17:56:19] Processando chunk 33 de 2024/04 (50000 registros)
[2025-09-17 17:56:19] Processando chunk 34 de 2024/04 (50000 registros)
[2025-09-17 17:56:19] Processando chunk 35 de 2024/04 (50000 registros)
[2025-09-17 17:56:20] Processando chunk 36 de 2024/04 (50000 registros)
[2025-09-17 17:56:20] Processando chunk 37 de 2024/04 (50000 registros)
[2025-09-17 17:56:20] Processando chunk 38 de 2024/04 (50000 registros)
[2025-09-17 17:56:20] Processando chunk 39 de 2024/04 (50000 registros)
[2025-09-17 17:56:21] Processando chunk 40 de 2024/04 (50000 registros)
[2025-09-17 17:56:21] Processando chunk 41 de 2024/04 (50000 registros)
[2025-09-17 17:56:21] Processando chunk 42 de 2024/04 (50000 registros)
[2025-09-17 17:56:21] Processando chunk 43 de 2024/04 (50000 registros)
[2025-09-17 17:56:22] Processando chunk 44 de 2024/04 (50000 registros)
[2025-09-17 17:56:22] Processando chunk 45 de 2024/04 (50000 registros)
[2025-09-17 17:56:22] Processando chunk 46 de 2024/04 (50000 registros)
[2025-09-17 17:56:22] Processando chunk 47 de 2024/04 (50000 registros)
[2025-09-17 17:56:23] Processando chunk 48 de 2024/04 (50000 registros)
[2025-09-17 17:56:23] Processando chunk 49 de 2024/04 (50000 registros)
[2025-09-17 17:56:23] Processando chunk 50 de 2024/04 (50000 registros)
[2025-09-17 17:56:23] Processando chunk 51 de 2024/04 (50000 registros)
[2025-09-17 17:56:24] Processando chunk 52 de 2024/04 (50000 registros)
[2025-09-17 17:56:24] Processando chunk 53 de 2024/04 (50000 registros)
[2025-09-17 17:56:24] Processando chunk 54 de 2024/04 (50000 registros)
[2025-09-17 17:56:24] Processando chunk 55 de 2024/04 (50000 registros)
[2025-09-17 17:56:25] Processando chunk 56 de 2024/04 (25603 registros)
[2025-09-17 17:56:25] ✓ Processado: 2775603 registros para 2024/04
[2025-09-17 17:56:25] ✓ Sucesso: 2775603 registros coletados para 2024/04
[2025-09-17 17:56:27] Processando 2024/05...
[2025-09-17 17:56:31] Processando chunk 1 de 2024/05 (50000 registros)
[2025-09-17 17:56:31] Processando chunk 2 de 2024/05 (50000 registros)
[2025-09-17 17:56:32] Processando chunk 3 de 2024/05 (50000 registros)
[2025-09-17 17:56:32] Processando chunk 4 de 2024/05 (50000 registros)
[2025-09-17 17:56:32] Processando chunk 5 de 2024/05 (50000 registros)
[2025-09-17 17:56:32] Processando chunk 6 de 2024/05 (50000 registros)
[2025-09-17 17:56:33] Processando chunk 7 de 2024/05 (50000 registros)
[2025-09-17 17:56:33] Processando chunk 8 de 2024/05 (50000 registros)
[2025-09-17 17:56:33] Processando chunk 9 de 2024/05 (50000 registros)
[2025-09-17 17:56:33] Processando chunk 10 de 2024/05 (50000 registros)
[2025-09-17 17:56:34] Processando chunk 11 de 2024/05 (50000 registros)
[2025-09-17 17:56:34] Processando chunk 12 de 2024/05 (50000 registros)
[2025-09-17 17:56:34] Processando chunk 13 de 2024/05 (50000 registros)
[2025-09-17 17:56:34] Processando chunk 14 de 2024/05 (50000 registros)
[2025-09-17 17:56:34] Processando chunk 15 de 2024/05 (50000 registros)
[2025-09-17 17:56:35] Processando chunk 16 de 2024/05 (50000 registros)
[2025-09-17 17:56:35] Processando chunk 17 de 2024/05 (50000 registros)
[2025-09-17 17:56:35] Processando chunk 18 de 2024/05 (50000 registros)
[2025-09-17 17:56:35] Processando chunk 19 de 2024/05 (50000 registros)
[2025-09-17 17:56:36] Processando chunk 20 de 2024/05 (50000 registros)
[2025-09-17 17:56:36] Processando chunk 21 de 2024/05 (50000 registros)
[2025-09-17 17:56:36] Processando chunk 22 de 2024/05 (50000 registros)
[2025-09-17 17:56:36] Processando chunk 23 de 2024/05 (50000 registros)
[2025-09-17 17:56:37] Processando chunk 24 de 2024/05 (50000 registros)
[2025-09-17 17:56:37] Processando chunk 25 de 2024/05 (50000 registros)
[2025-09-17 17:56:37] Processando chunk 26 de 2024/05 (50000 registros)
[2025-09-17 17:56:37] Processando chunk 27 de 2024/05 (50000 registros)
[2025-09-17 17:56:38] Processando chunk 28 de 2024/05 (50000 registros)
[2025-09-17 17:56:38] Processando chunk 29 de 2024/05 (50000 registros)
[2025-09-17 17:56:38] Processando chunk 30 de 2024/05 (50000 registros)
[2025-09-17 17:56:38] Processando chunk 31 de 2024/05 (50000 registros)
[2025-09-17 17:56:38] Processando chunk 32 de 2024/05 (50000 registros)
[2025-09-17 17:56:39] Processando chunk 33 de 2024/05 (50000 registros)
[2025-09-17 17:56:39] Processando chunk 34 de 2024/05 (50000 registros)
[2025-09-17 17:56:39] Processando chunk 35 de 2024/05 (50000 registros)
[2025-09-17 17:56:39] Processando chunk 36 de 2024/05 (50000 registros)
[2025-09-17 17:56:40] Processando chunk 37 de 2024/05 (50000 registros)
[2025-09-17 17:56:40] Processando chunk 38 de 2024/05 (50000 registros)
[2025-09-17 17:56:40] Processando chunk 39 de 2024/05 (50000 registros)
[2025-09-17 17:56:40] Processando chunk 40 de 2024/05 (50000 registros)
[2025-09-17 17:56:41] Processando chunk 41 de 2024/05 (50000 registros)
[2025-09-17 17:56:41] Processando chunk 42 de 2024/05 (50000 registros)
[2025-09-17 17:56:41] Processando chunk 43 de 2024/05 (50000 registros)
[2025-09-17 17:56:41] Processando chunk 44 de 2024/05 (50000 registros)
[2025-09-17 17:56:42] Processando chunk 45 de 2024/05 (50000 registros)
[2025-09-17 17:56:42] Processando chunk 46 de 2024/05 (50000 registros)
[2025-09-17 17:56:42] Processando chunk 47 de 2024/05 (50000 registros)
[2025-09-17 17:56:42] Processando chunk 48 de 2024/05 (50000 registros)
[2025-09-17 17:56:42] Processando chunk 49 de 2024/05 (50000 registros)
[2025-09-17 17:56:43] Processando chunk 50 de 2024/05 (43053 registros)
[2025-09-17 17:56:43] ✓ Processado: 2493053 registros para 2024/05
[2025-09-17 17:56:43] ✓ Sucesso: 2493053 registros coletados para 2024/05
[2025-09-17 17:56:45] Processando 2024/06...
[2025-09-17 17:56:50] Processando chunk 1 de 2024/06 (50000 registros)
[2025-09-17 17:56:50] Processando chunk 2 de 2024/06 (50000 registros)
[2025-09-17 17:56:50] Processando chunk 3 de 2024/06 (50000 registros)
[2025-09-17 17:56:51] Processando chunk 4 de 2024/06 (50000 registros)
[2025-09-17 17:56:51] Processando chunk 5 de 2024/06 (50000 registros)
[2025-09-17 17:56:51] Processando chunk 6 de 2024/06 (50000 registros)
[2025-09-17 17:56:51] Processando chunk 7 de 2024/06 (50000 registros)
[2025-09-17 17:56:52] Processando chunk 8 de 2024/06 (50000 registros)
[2025-09-17 17:56:52] Processando chunk 9 de 2024/06 (50000 registros)
[2025-09-17 17:56:52] Processando chunk 10 de 2024/06 (50000 registros)
[2025-09-17 17:56:52] Processando chunk 11 de 2024/06 (50000 registros)
[2025-09-17 17:56:53] Processando chunk 12 de 2024/06 (50000 registros)
[2025-09-17 17:56:53] Processando chunk 13 de 2024/06 (50000 registros)
[2025-09-17 17:56:53] Processando chunk 14 de 2024/06 (50000 registros)
[2025-09-17 17:56:53] Processando chunk 15 de 2024/06 (50000 registros)
[2025-09-17 17:56:54] Processando chunk 16 de 2024/06 (50000 registros)
[2025-09-17 17:56:54] Processando chunk 17 de 2024/06 (50000 registros)
[2025-09-17 17:56:54] Processando chunk 18 de 2024/06 (50000 registros)
[2025-09-17 17:56:54] Processando chunk 19 de 2024/06 (50000 registros)
[2025-09-17 17:56:55] Processando chunk 20 de 2024/06 (50000 registros)
[2025-09-17 17:56:55] Processando chunk 21 de 2024/06 (50000 registros)
[2025-09-17 17:56:55] Processando chunk 22 de 2024/06 (50000 registros)
[2025-09-17 17:56:55] Processando chunk 23 de 2024/06 (50000 registros)
[2025-09-17 17:56:55] Processando chunk 24 de 2024/06 (50000 registros)
[2025-09-17 17:56:56] Processando chunk 25 de 2024/06 (50000 registros)
[2025-09-17 17:56:56] Processando chunk 26 de 2024/06 (50000 registros)
[2025-09-17 17:56:56] Processando chunk 27 de 2024/06 (50000 registros)
[2025-09-17 17:56:56] Processando chunk 28 de 2024/06 (50000 registros)
[2025-09-17 17:56:57] Processando chunk 29 de 2024/06 (50000 registros)
[2025-09-17 17:56:57] Processando chunk 30 de 2024/06 (50000 registros)
[2025-09-17 17:56:57] Processando chunk 31 de 2024/06 (50000 registros)
[2025-09-17 17:56:57] Processando chunk 32 de 2024/06 (50000 registros)
[2025-09-17 17:56:58] Processando chunk 33 de 2024/06 (50000 registros)
[2025-09-17 17:56:58] Processando chunk 34 de 2024/06 (50000 registros)
[2025-09-17 17:56:58] Processando chunk 35 de 2024/06 (50000 registros)
[2025-09-17 17:56:58] Processando chunk 36 de 2024/06 (50000 registros)
[2025-09-17 17:56:59] Processando chunk 37 de 2024/06 (50000 registros)
[2025-09-17 17:56:59] Processando chunk 38 de 2024/06 (50000 registros)
[2025-09-17 17:56:59] Processando chunk 39 de 2024/06 (50000 registros)
[2025-09-17 17:56:59] Processando chunk 40 de 2024/06 (50000 registros)
[2025-09-17 17:57:00] Processando chunk 41 de 2024/06 (50000 registros)
[2025-09-17 17:57:00] Processando chunk 42 de 2024/06 (50000 registros)
[2025-09-17 17:57:00] Processando chunk 43 de 2024/06 (50000 registros)
[2025-09-17 17:57:00] Processando chunk 44 de 2024/06 (50000 registros)
[2025-09-17 17:57:01] Processando chunk 45 de 2024/06 (50000 registros)
[2025-09-17 17:57:01] Processando chunk 46 de 2024/06 (50000 registros)
[2025-09-17 17:57:01] Processando chunk 47 de 2024/06 (50000 registros)
[2025-09-17 17:57:01] Processando chunk 48 de 2024/06 (50000 registros)
[2025-09-17 17:57:02] Processando chunk 49 de 2024/06 (50000 registros)
[2025-09-17 17:57:02] Processando chunk 50 de 2024/06 (50000 registros)
[2025-09-17 17:57:02] Processando chunk 51 de 2024/06 (50000 registros)
[2025-09-17 17:57:02] Processando chunk 52 de 2024/06 (50000 registros)
[2025-09-17 17:57:03] Processando chunk 53 de 2024/06 (50000 registros)
[2025-09-17 17:57:03] Processando chunk 54 de 2024/06 (50000 registros)
[2025-09-17 17:57:03] Processando chunk 55 de 2024/06 (50000 registros)
[2025-09-17 17:57:03] Processando chunk 56 de 2024/06 (50000 registros)
[2025-09-17 17:57:04] Processando chunk 57 de 2024/06 (50000 registros)
[2025-09-17 17:57:04] Processando chunk 58 de 2024/06 (50000 registros)
[2025-09-17 17:57:04] Processando chunk 59 de 2024/06 (50000 registros)
[2025-09-17 17:57:04] Processando chunk 60 de 2024/06 (50000 registros)
[2025-09-17 17:57:05] Processando chunk 61 de 2024/06 (50000 registros)
[2025-09-17 17:57:05] Processando chunk 62 de 2024/06 (50000 registros)
[2025-09-17 17:57:05] Processando chunk 63 de 2024/06 (50000 registros)
[2025-09-17 17:57:05] Processando chunk 64 de 2024/06 (50000 registros)
[2025-09-17 17:57:06] Processando chunk 65 de 2024/06 (50000 registros)
[2025-09-17 17:57:06] Processando chunk 66 de 2024/06 (50000 registros)
[2025-09-17 17:57:06] Processando chunk 67 de 2024/06 (50000 registros)
[2025-09-17 17:57:06] Processando chunk 68 de 2024/06 (50000 registros)
[2025-09-17 17:57:06] Processando chunk 69 de 2024/06 (50000 registros)
[2025-09-17 17:57:07] Processando chunk 70 de 2024/06 (4416 registros)
[2025-09-17 17:57:07] ✓ Processado: 3454416 registros para 2024/06
[2025-09-17 17:57:07] ✓ Sucesso: 3454416 registros coletados para 2024/06
[2025-09-17 17:57:09] Processando 2024/07...
[2025-09-17 17:57:14] Processando chunk 1 de 2024/07 (50000 registros)
[2025-09-17 17:57:14] Processando chunk 2 de 2024/07 (50000 registros)
[2025-09-17 17:57:15] Processando chunk 3 de 2024/07 (50000 registros)
[2025-09-17 17:57:15] Processando chunk 4 de 2024/07 (50000 registros)
[2025-09-17 17:57:15] Processando chunk 5 de 2024/07 (50000 registros)
[2025-09-17 17:57:15] Processando chunk 6 de 2024/07 (50000 registros)
[2025-09-17 17:57:16] Processando chunk 7 de 2024/07 (50000 registros)
[2025-09-17 17:57:16] Processando chunk 8 de 2024/07 (50000 registros)
[2025-09-17 17:57:16] Processando chunk 9 de 2024/07 (50000 registros)
[2025-09-17 17:57:16] Processando chunk 10 de 2024/07 (50000 registros)
[2025-09-17 17:57:17] Processando chunk 11 de 2024/07 (50000 registros)
[2025-09-17 17:57:17] Processando chunk 12 de 2024/07 (50000 registros)
[2025-09-17 17:57:17] Processando chunk 13 de 2024/07 (50000 registros)
[2025-09-17 17:57:17] Processando chunk 14 de 2024/07 (50000 registros)
[2025-09-17 17:57:17] Processando chunk 15 de 2024/07 (50000 registros)
[2025-09-17 17:57:18] Processando chunk 16 de 2024/07 (50000 registros)
[2025-09-17 17:57:18] Processando chunk 17 de 2024/07 (50000 registros)
[2025-09-17 17:57:18] Processando chunk 18 de 2024/07 (50000 registros)
[2025-09-17 17:57:18] Processando chunk 19 de 2024/07 (50000 registros)
[2025-09-17 17:57:19] Processando chunk 20 de 2024/07 (50000 registros)
[2025-09-17 17:57:19] Processando chunk 21 de 2024/07 (50000 registros)
[2025-09-17 17:57:19] Processando chunk 22 de 2024/07 (50000 registros)
[2025-09-17 17:57:19] Processando chunk 23 de 2024/07 (50000 registros)
[2025-09-17 17:57:20] Processando chunk 24 de 2024/07 (50000 registros)
[2025-09-17 17:57:20] Processando chunk 25 de 2024/07 (50000 registros)
[2025-09-17 17:57:20] Processando chunk 26 de 2024/07 (50000 registros)
[2025-09-17 17:57:20] Processando chunk 27 de 2024/07 (50000 registros)
[2025-09-17 17:57:21] Processando chunk 28 de 2024/07 (50000 registros)
[2025-09-17 17:57:21] Processando chunk 29 de 2024/07 (50000 registros)
[2025-09-17 17:57:21] Processando chunk 30 de 2024/07 (50000 registros)
[2025-09-17 17:57:21] Processando chunk 31 de 2024/07 (50000 registros)
[2025-09-17 17:57:22] Processando chunk 32 de 2024/07 (50000 registros)
[2025-09-17 17:57:22] Processando chunk 33 de 2024/07 (50000 registros)
[2025-09-17 17:57:22] Processando chunk 34 de 2024/07 (50000 registros)
[2025-09-17 17:57:22] Processando chunk 35 de 2024/07 (50000 registros)
[2025-09-17 17:57:23] Processando chunk 36 de 2024/07 (50000 registros)
[2025-09-17 17:57:23] Processando chunk 37 de 2024/07 (50000 registros)
[2025-09-17 17:57:23] Processando chunk 38 de 2024/07 (50000 registros)
[2025-09-17 17:57:23] Processando chunk 39 de 2024/07 (50000 registros)
[2025-09-17 17:57:24] Processando chunk 40 de 2024/07 (50000 registros)
[2025-09-17 17:57:24] Processando chunk 41 de 2024/07 (50000 registros)
[2025-09-17 17:57:24] Processando chunk 42 de 2024/07 (50000 registros)
[2025-09-17 17:57:24] Processando chunk 43 de 2024/07 (50000 registros)
[2025-09-17 17:57:25] Processando chunk 44 de 2024/07 (50000 registros)
[2025-09-17 17:57:25] Processando chunk 45 de 2024/07 (50000 registros)
[2025-09-17 17:57:25] Processando chunk 46 de 2024/07 (50000 registros)
[2025-09-17 17:57:25] Processando chunk 47 de 2024/07 (50000 registros)
[2025-09-17 17:57:26] Processando chunk 48 de 2024/07 (50000 registros)
[2025-09-17 17:57:26] Processando chunk 49 de 2024/07 (50000 registros)
[2025-09-17 17:57:26] Processando chunk 50 de 2024/07 (50000 registros)
[2025-09-17 17:57:26] Processando chunk 51 de 2024/07 (50000 registros)
[2025-09-17 17:57:27] Processando chunk 52 de 2024/07 (50000 registros)
[2025-09-17 17:57:27] Processando chunk 53 de 2024/07 (50000 registros)
[2025-09-17 17:57:27] Processando chunk 54 de 2024/07 (50000 registros)
[2025-09-17 17:57:27] Processando chunk 55 de 2024/07 (50000 registros)
[2025-09-17 17:57:28] Processando chunk 56 de 2024/07 (50000 registros)
[2025-09-17 17:57:28] Processando chunk 57 de 2024/07 (50000 registros)
[2025-09-17 17:57:28] Processando chunk 58 de 2024/07 (50000 registros)
[2025-09-17 17:57:28] Processando chunk 59 de 2024/07 (50000 registros)
[2025-09-17 17:57:29] Processando chunk 60 de 2024/07 (50000 registros)
[2025-09-17 17:57:29] Processando chunk 61 de 2024/07 (50000 registros)
[2025-09-17 17:57:29] Processando chunk 62 de 2024/07 (50000 registros)
[2025-09-17 17:57:29] Processando chunk 63 de 2024/07 (50000 registros)
[2025-09-17 17:57:29] Processando chunk 64 de 2024/07 (50000 registros)
[2025-09-17 17:57:30] Processando chunk 65 de 2024/07 (50000 registros)
[2025-09-17 17:57:30] Processando chunk 66 de 2024/07 (50000 registros)
[2025-09-17 17:57:30] Processando chunk 67 de 2024/07 (50000 registros)
[2025-09-17 17:57:31] Processando chunk 68 de 2024/07 (50000 registros)
[2025-09-17 17:57:31] Processando chunk 69 de 2024/07 (50000 registros)
[2025-09-17 17:57:31] Processando chunk 70 de 2024/07 (50000 registros)
[2025-09-17 17:57:31] Processando chunk 71 de 2024/07 (16848 registros)
[2025-09-17 17:57:31] ✓ Processado: 3516848 registros para 2024/07
[2025-09-17 17:57:32] ✓ Sucesso: 3516848 registros coletados para 2024/07
[2025-09-17 17:57:34] Processando 2024/08...
[2025-09-17 17:57:39] Processando chunk 1 de 2024/08 (50000 registros)
[2025-09-17 17:57:39] Processando chunk 2 de 2024/08 (50000 registros)
[2025-09-17 17:57:39] Processando chunk 3 de 2024/08 (50000 registros)
[2025-09-17 17:57:39] Processando chunk 4 de 2024/08 (50000 registros)
[2025-09-17 17:57:40] Processando chunk 5 de 2024/08 (50000 registros)
[2025-09-17 17:57:40] Processando chunk 6 de 2024/08 (50000 registros)
[2025-09-17 17:57:40] Processando chunk 7 de 2024/08 (50000 registros)
[2025-09-17 17:57:40] Processando chunk 8 de 2024/08 (50000 registros)
[2025-09-17 17:57:40] Processando chunk 9 de 2024/08 (50000 registros)
[2025-09-17 17:57:41] Processando chunk 10 de 2024/08 (50000 registros)
[2025-09-17 17:57:41] Processando chunk 11 de 2024/08 (50000 registros)
[2025-09-17 17:57:41] Processando chunk 12 de 2024/08 (50000 registros)
[2025-09-17 17:57:42] Processando chunk 13 de 2024/08 (50000 registros)
[2025-09-17 17:57:42] Processando chunk 14 de 2024/08 (50000 registros)
[2025-09-17 17:57:42] Processando chunk 15 de 2024/08 (50000 registros)
[2025-09-17 17:57:42] Processando chunk 16 de 2024/08 (50000 registros)
[2025-09-17 17:57:43] Processando chunk 17 de 2024/08 (50000 registros)
[2025-09-17 17:57:43] Processando chunk 18 de 2024/08 (50000 registros)
[2025-09-17 17:57:43] Processando chunk 19 de 2024/08 (50000 registros)
[2025-09-17 17:57:43] Processando chunk 20 de 2024/08 (50000 registros)
[2025-09-17 17:57:43] Processando chunk 21 de 2024/08 (50000 registros)
[2025-09-17 17:57:44] Processando chunk 22 de 2024/08 (50000 registros)
[2025-09-17 17:57:44] Processando chunk 23 de 2024/08 (50000 registros)
[2025-09-17 17:57:44] Processando chunk 24 de 2024/08 (50000 registros)
[2025-09-17 17:57:44] Processando chunk 25 de 2024/08 (50000 registros)
[2025-09-17 17:57:45] Processando chunk 26 de 2024/08 (50000 registros)
[2025-09-17 17:57:45] Processando chunk 27 de 2024/08 (50000 registros)
[2025-09-17 17:57:45] Processando chunk 28 de 2024/08 (50000 registros)
[2025-09-17 17:57:45] Processando chunk 29 de 2024/08 (50000 registros)
[2025-09-17 17:57:46] Processando chunk 30 de 2024/08 (50000 registros)
[2025-09-17 17:57:46] Processando chunk 31 de 2024/08 (50000 registros)
[2025-09-17 17:57:46] Processando chunk 32 de 2024/08 (50000 registros)
[2025-09-17 17:57:46] Processando chunk 33 de 2024/08 (50000 registros)
[2025-09-17 17:57:47] Processando chunk 34 de 2024/08 (50000 registros)
[2025-09-17 17:57:47] Processando chunk 35 de 2024/08 (50000 registros)
[2025-09-17 17:57:47] Processando chunk 36 de 2024/08 (50000 registros)
[2025-09-17 17:57:47] Processando chunk 37 de 2024/08 (50000 registros)
[2025-09-17 17:57:48] Processando chunk 38 de 2024/08 (50000 registros)
[2025-09-17 17:57:48] Processando chunk 39 de 2024/08 (50000 registros)
[2025-09-17 17:57:48] Processando chunk 40 de 2024/08 (50000 registros)
[2025-09-17 17:57:48] Processando chunk 41 de 2024/08 (50000 registros)
[2025-09-17 17:57:49] Processando chunk 42 de 2024/08 (50000 registros)
[2025-09-17 17:57:49] Processando chunk 43 de 2024/08 (50000 registros)
[2025-09-17 17:57:49] Processando chunk 44 de 2024/08 (50000 registros)
[2025-09-17 17:57:49] Processando chunk 45 de 2024/08 (50000 registros)
[2025-09-17 17:57:50] Processando chunk 46 de 2024/08 (50000 registros)
[2025-09-17 17:57:50] Processando chunk 47 de 2024/08 (50000 registros)
[2025-09-17 17:57:50] Processando chunk 48 de 2024/08 (50000 registros)
[2025-09-17 17:57:50] Processando chunk 49 de 2024/08 (50000 registros)
[2025-09-17 17:57:51] Processando chunk 50 de 2024/08 (50000 registros)
[2025-09-17 17:57:51] Processando chunk 51 de 2024/08 (50000 registros)
[2025-09-17 17:57:51] Processando chunk 52 de 2024/08 (50000 registros)
[2025-09-17 17:57:51] Processando chunk 53 de 2024/08 (50000 registros)
[2025-09-17 17:57:52] Processando chunk 54 de 2024/08 (50000 registros)
[2025-09-17 17:57:52] Processando chunk 55 de 2024/08 (50000 registros)
[2025-09-17 17:57:52] Processando chunk 56 de 2024/08 (50000 registros)
[2025-09-17 17:57:52] Processando chunk 57 de 2024/08 (50000 registros)
[2025-09-17 17:57:53] Processando chunk 58 de 2024/08 (50000 registros)
[2025-09-17 17:57:53] Processando chunk 59 de 2024/08 (50000 registros)
[2025-09-17 17:57:53] Processando chunk 60 de 2024/08 (50000 registros)
[2025-09-17 17:57:53] Processando chunk 61 de 2024/08 (50000 registros)
[2025-09-17 17:57:54] Processando chunk 62 de 2024/08 (50000 registros)
[2025-09-17 17:57:54] Processando chunk 63 de 2024/08 (50000 registros)
[2025-09-17 17:57:54] Processando chunk 64 de 2024/08 (50000 registros)
[2025-09-17 17:57:54] Processando chunk 65 de 2024/08 (50000 registros)
[2025-09-17 17:57:55] Processando chunk 66 de 2024/08 (50000 registros)
[2025-09-17 17:57:55] Processando chunk 67 de 2024/08 (50000 registros)
[2025-09-17 17:57:55] Processando chunk 68 de 2024/08 (50000 registros)
[2025-09-17 17:57:55] Processando chunk 69 de 2024/08 (3180 registros)
[2025-09-17 17:57:55] ✓ Processado: 3403180 registros para 2024/08
[2025-09-17 17:57:56] ✓ Sucesso: 3403180 registros coletados para 2024/08
[2025-09-17 17:57:58] Processando 2024/09...
[2025-09-17 17:58:03] Processando chunk 1 de 2024/09 (50000 registros)
[2025-09-17 17:58:03] Processando chunk 2 de 2024/09 (50000 registros)
[2025-09-17 17:58:03] Processando chunk 3 de 2024/09 (50000 registros)
[2025-09-17 17:58:03] Processando chunk 4 de 2024/09 (50000 registros)
[2025-09-17 17:58:04] Processando chunk 5 de 2024/09 (50000 registros)
[2025-09-17 17:58:04] Processando chunk 6 de 2024/09 (50000 registros)
[2025-09-17 17:58:04] Processando chunk 7 de 2024/09 (50000 registros)
[2025-09-17 17:58:04] Processando chunk 8 de 2024/09 (50000 registros)
[2025-09-17 17:58:05] Processando chunk 9 de 2024/09 (50000 registros)
[2025-09-17 17:58:05] Processando chunk 10 de 2024/09 (50000 registros)
[2025-09-17 17:58:05] Processando chunk 11 de 2024/09 (50000 registros)
[2025-09-17 17:58:05] Processando chunk 12 de 2024/09 (50000 registros)
[2025-09-17 17:58:06] Processando chunk 13 de 2024/09 (50000 registros)
[2025-09-17 17:58:06] Processando chunk 14 de 2024/09 (50000 registros)
[2025-09-17 17:58:06] Processando chunk 15 de 2024/09 (50000 registros)
[2025-09-17 17:58:06] Processando chunk 16 de 2024/09 (50000 registros)
[2025-09-17 17:58:07] Processando chunk 17 de 2024/09 (50000 registros)
[2025-09-17 17:58:07] Processando chunk 18 de 2024/09 (50000 registros)
[2025-09-17 17:58:07] Processando chunk 19 de 2024/09 (50000 registros)
[2025-09-17 17:58:07] Processando chunk 20 de 2024/09 (50000 registros)
[2025-09-17 17:58:08] Processando chunk 21 de 2024/09 (50000 registros)
[2025-09-17 17:58:08] Processando chunk 22 de 2024/09 (50000 registros)
[2025-09-17 17:58:08] Processando chunk 23 de 2024/09 (50000 registros)
[2025-09-17 17:58:08] Processando chunk 24 de 2024/09 (50000 registros)
[2025-09-17 17:58:09] Processando chunk 25 de 2024/09 (50000 registros)
[2025-09-17 17:58:09] Processando chunk 26 de 2024/09 (50000 registros)
[2025-09-17 17:58:09] Processando chunk 27 de 2024/09 (50000 registros)
[2025-09-17 17:58:09] Processando chunk 28 de 2024/09 (50000 registros)
[2025-09-17 17:58:10] Processando chunk 29 de 2024/09 (50000 registros)
[2025-09-17 17:58:10] Processando chunk 30 de 2024/09 (50000 registros)
[2025-09-17 17:58:10] Processando chunk 31 de 2024/09 (50000 registros)
[2025-09-17 17:58:10] Processando chunk 32 de 2024/09 (50000 registros)
[2025-09-17 17:58:11] Processando chunk 33 de 2024/09 (50000 registros)
[2025-09-17 17:58:11] Processando chunk 34 de 2024/09 (50000 registros)
[2025-09-17 17:58:11] Processando chunk 35 de 2024/09 (50000 registros)
[2025-09-17 17:58:11] Processando chunk 36 de 2024/09 (50000 registros)
[2025-09-17 17:58:12] Processando chunk 37 de 2024/09 (50000 registros)
[2025-09-17 17:58:12] Processando chunk 38 de 2024/09 (50000 registros)
[2025-09-17 17:58:12] Processando chunk 39 de 2024/09 (50000 registros)
[2025-09-17 17:58:12] Processando chunk 40 de 2024/09 (50000 registros)
[2025-09-17 17:58:13] Processando chunk 41 de 2024/09 (50000 registros)
[2025-09-17 17:58:13] Processando chunk 42 de 2024/09 (50000 registros)
[2025-09-17 17:58:13] Processando chunk 43 de 2024/09 (50000 registros)
[2025-09-17 17:58:13] Processando chunk 44 de 2024/09 (50000 registros)
[2025-09-17 17:58:13] Processando chunk 45 de 2024/09 (50000 registros)
[2025-09-17 17:58:14] Processando chunk 46 de 2024/09 (50000 registros)
[2025-09-17 17:58:14] Processando chunk 47 de 2024/09 (50000 registros)
[2025-09-17 17:58:14] Processando chunk 48 de 2024/09 (50000 registros)
[2025-09-17 17:58:14] Processando chunk 49 de 2024/09 (50000 registros)
[2025-09-17 17:58:15] Processando chunk 50 de 2024/09 (50000 registros)
[2025-09-17 17:58:15] Processando chunk 51 de 2024/09 (50000 registros)
[2025-09-17 17:58:15] Processando chunk 52 de 2024/09 (50000 registros)
[2025-09-17 17:58:16] Processando chunk 53 de 2024/09 (50000 registros)
[2025-09-17 17:58:16] Processando chunk 54 de 2024/09 (50000 registros)
[2025-09-17 17:58:16] Processando chunk 55 de 2024/09 (50000 registros)
[2025-09-17 17:58:16] Processando chunk 56 de 2024/09 (50000 registros)
[2025-09-17 17:58:17] Processando chunk 57 de 2024/09 (50000 registros)
[2025-09-17 17:58:17] Processando chunk 58 de 2024/09 (50000 registros)
[2025-09-17 17:58:17] Processando chunk 59 de 2024/09 (50000 registros)
[2025-09-17 17:58:17] Processando chunk 60 de 2024/09 (50000 registros)
[2025-09-17 17:58:17] Processando chunk 61 de 2024/09 (50000 registros)
[2025-09-17 17:58:18] Processando chunk 62 de 2024/09 (50000 registros)
[2025-09-17 17:58:18] Processando chunk 63 de 2024/09 (50000 registros)
[2025-09-17 17:58:18] Processando chunk 64 de 2024/09 (50000 registros)
[2025-09-17 17:58:18] Processando chunk 65 de 2024/09 (50000 registros)
[2025-09-17 17:58:19] Processando chunk 66 de 2024/09 (50000 registros)
[2025-09-17 17:58:19] Processando chunk 67 de 2024/09 (8089 registros)
[2025-09-17 17:58:19] ✓ Processado: 3308089 registros para 2024/09
[2025-09-17 17:58:19] ✓ Sucesso: 3308089 registros coletados para 2024/09
[2025-09-17 17:58:21] Processando 2024/10...
[2025-09-17 17:58:22] Processando chunk 1 de 2024/10 (50000 registros)
[2025-09-17 17:58:22] Processando chunk 2 de 2024/10 (44760 registros)
[2025-09-17 17:58:23] ✓ Processado: 94760 registros para 2024/10
[2025-09-17 17:58:23] ✓ Sucesso: 94760 registros coletados para 2024/10
[2025-09-17 17:58:25] Processando 2024/11...
[2025-09-17 17:58:30] Processando chunk 1 de 2024/11 (50000 registros)
[2025-09-17 17:58:30] Processando chunk 2 de 2024/11 (50000 registros)
[2025-09-17 17:58:30] Processando chunk 3 de 2024/11 (50000 registros)
[2025-09-17 17:58:30] Processando chunk 4 de 2024/11 (50000 registros)
[2025-09-17 17:58:31] Processando chunk 5 de 2024/11 (50000 registros)
[2025-09-17 17:58:31] Processando chunk 6 de 2024/11 (50000 registros)
[2025-09-17 17:58:31] Processando chunk 7 de 2024/11 (50000 registros)
[2025-09-17 17:58:31] Processando chunk 8 de 2024/11 (50000 registros)
[2025-09-17 17:58:31] Processando chunk 9 de 2024/11 (50000 registros)
[2025-09-17 17:58:32] Processando chunk 10 de 2024/11 (50000 registros)
[2025-09-17 17:58:32] Processando chunk 11 de 2024/11 (50000 registros)
[2025-09-17 17:58:32] Processando chunk 12 de 2024/11 (50000 registros)
[2025-09-17 17:58:33] Processando chunk 13 de 2024/11 (50000 registros)
[2025-09-17 17:58:33] Processando chunk 14 de 2024/11 (50000 registros)
[2025-09-17 17:58:33] Processando chunk 15 de 2024/11 (50000 registros)
[2025-09-17 17:58:33] Processando chunk 16 de 2024/11 (50000 registros)
[2025-09-17 17:58:34] Processando chunk 17 de 2024/11 (50000 registros)
[2025-09-17 17:58:34] Processando chunk 18 de 2024/11 (50000 registros)
[2025-09-17 17:58:34] Processando chunk 19 de 2024/11 (50000 registros)
[2025-09-17 17:58:34] Processando chunk 20 de 2024/11 (50000 registros)
[2025-09-17 17:58:35] Processando chunk 21 de 2024/11 (50000 registros)
[2025-09-17 17:58:35] Processando chunk 22 de 2024/11 (50000 registros)
[2025-09-17 17:58:35] Processando chunk 23 de 2024/11 (50000 registros)
[2025-09-17 17:58:35] Processando chunk 24 de 2024/11 (50000 registros)
[2025-09-17 17:58:36] Processando chunk 25 de 2024/11 (50000 registros)
[2025-09-17 17:58:36] Processando chunk 26 de 2024/11 (50000 registros)
[2025-09-17 17:58:36] Processando chunk 27 de 2024/11 (50000 registros)
[2025-09-17 17:58:36] Processando chunk 28 de 2024/11 (50000 registros)
[2025-09-17 17:58:37] Processando chunk 29 de 2024/11 (50000 registros)
[2025-09-17 17:58:37] Processando chunk 30 de 2024/11 (50000 registros)
[2025-09-17 17:58:37] Processando chunk 31 de 2024/11 (50000 registros)
[2025-09-17 17:58:37] Processando chunk 32 de 2024/11 (50000 registros)
[2025-09-17 17:58:38] Processando chunk 33 de 2024/11 (50000 registros)
[2025-09-17 17:58:38] Processando chunk 34 de 2024/11 (50000 registros)
[2025-09-17 17:58:38] Processando chunk 35 de 2024/11 (50000 registros)
[2025-09-17 17:58:38] Processando chunk 36 de 2024/11 (50000 registros)
[2025-09-17 17:58:39] Processando chunk 37 de 2024/11 (50000 registros)
[2025-09-17 17:58:39] Processando chunk 38 de 2024/11 (50000 registros)
[2025-09-17 17:58:39] Processando chunk 39 de 2024/11 (50000 registros)
[2025-09-17 17:58:39] Processando chunk 40 de 2024/11 (50000 registros)
[2025-09-17 17:58:40] Processando chunk 41 de 2024/11 (50000 registros)
[2025-09-17 17:58:40] Processando chunk 42 de 2024/11 (50000 registros)
[2025-09-17 17:58:40] Processando chunk 43 de 2024/11 (50000 registros)
[2025-09-17 17:58:40] Processando chunk 44 de 2024/11 (50000 registros)
[2025-09-17 17:58:41] Processando chunk 45 de 2024/11 (50000 registros)
[2025-09-17 17:58:41] Processando chunk 46 de 2024/11 (50000 registros)
[2025-09-17 17:58:41] Processando chunk 47 de 2024/11 (50000 registros)
[2025-09-17 17:58:41] Processando chunk 48 de 2024/11 (50000 registros)
[2025-09-17 17:58:42] Processando chunk 49 de 2024/11 (50000 registros)
[2025-09-17 17:58:42] Processando chunk 50 de 2024/11 (50000 registros)
[2025-09-17 17:58:42] Processando chunk 51 de 2024/11 (50000 registros)
[2025-09-17 17:58:42] Processando chunk 52 de 2024/11 (50000 registros)
[2025-09-17 17:58:43] Processando chunk 53 de 2024/11 (50000 registros)
[2025-09-17 17:58:43] Processando chunk 54 de 2024/11 (50000 registros)
[2025-09-17 17:58:43] Processando chunk 55 de 2024/11 (50000 registros)
[2025-09-17 17:58:43] Processando chunk 56 de 2024/11 (50000 registros)
[2025-09-17 17:58:43] Processando chunk 57 de 2024/11 (50000 registros)
[2025-09-17 17:58:44] Processando chunk 58 de 2024/11 (50000 registros)
[2025-09-17 17:58:44] Processando chunk 59 de 2024/11 (50000 registros)
[2025-09-17 17:58:44] Processando chunk 60 de 2024/11 (50000 registros)
[2025-09-17 17:58:45] Processando chunk 61 de 2024/11 (50000 registros)
[2025-09-17 17:58:45] Processando chunk 62 de 2024/11 (50000 registros)
[2025-09-17 17:58:45] Processando chunk 63 de 2024/11 (50000 registros)
[2025-09-17 17:58:45] Processando chunk 64 de 2024/11 (50000 registros)
[2025-09-17 17:58:46] Processando chunk 65 de 2024/11 (50000 registros)
[2025-09-17 17:58:46] Processando chunk 66 de 2024/11 (50000 registros)
[2025-09-17 17:58:46] Processando chunk 67 de 2024/11 (50000 registros)
[2025-09-17 17:58:46] Processando chunk 68 de 2024/11 (9286 registros)
[2025-09-17 17:58:46] ✓ Processado: 3359286 registros para 2024/11
[2025-09-17 17:58:47] ✓ Sucesso: 3359286 registros coletados para 2024/11
[2025-09-17 17:58:49] Processando 2024/12...
[2025-09-17 17:58:50] Processando chunk 1 de 2024/12 (50000 registros)
[2025-09-17 17:58:50] Processando chunk 2 de 2024/12 (50000 registros)
[2025-09-17 17:58:51] Processando chunk 3 de 2024/12 (50000 registros)
[2025-09-17 17:58:51] Processando chunk 4 de 2024/12 (50000 registros)
[2025-09-17 17:58:51] Processando chunk 5 de 2024/12 (50000 registros)
[2025-09-17 17:58:51] Processando chunk 6 de 2024/12 (50000 registros)
[2025-09-17 17:58:52] Processando chunk 7 de 2024/12 (50000 registros)
[2025-09-17 17:58:52] Processando chunk 8 de 2024/12 (50000 registros)
[2025-09-17 17:58:52] Processando chunk 9 de 2024/12 (50000 registros)
[2025-09-17 17:58:52] Processando chunk 10 de 2024/12 (44203 registros)
[2025-09-17 17:58:53] ✓ Processado: 494203 registros para 2024/12
[2025-09-17 17:58:53] ✓ Sucesso: 494203 registros coletados para 2024/12
[2025-09-17 17:58:55] Processando 2025/01...
[2025-09-17 17:59:00] Processando chunk 1 de 2025/01 (50000 registros)
[2025-09-17 17:59:00] Processando chunk 2 de 2025/01 (50000 registros)
[2025-09-17 17:59:01] Processando chunk 3 de 2025/01 (50000 registros)
[2025-09-17 17:59:01] Processando chunk 4 de 2025/01 (50000 registros)
[2025-09-17 17:59:01] Processando chunk 5 de 2025/01 (50000 registros)
[2025-09-17 17:59:01] Processando chunk 6 de 2025/01 (50000 registros)
[2025-09-17 17:59:01] Processando chunk 7 de 2025/01 (50000 registros)
[2025-09-17 17:59:02] Processando chunk 8 de 2025/01 (50000 registros)
[2025-09-17 17:59:02] Processando chunk 9 de 2025/01 (50000 registros)
[2025-09-17 17:59:02] Processando chunk 10 de 2025/01 (50000 registros)
[2025-09-17 17:59:02] Processando chunk 11 de 2025/01 (50000 registros)
[2025-09-17 17:59:03] Processando chunk 12 de 2025/01 (50000 registros)
[2025-09-17 17:59:03] Processando chunk 13 de 2025/01 (50000 registros)
[2025-09-17 17:59:03] Processando chunk 14 de 2025/01 (50000 registros)
[2025-09-17 17:59:03] Processando chunk 15 de 2025/01 (50000 registros)
[2025-09-17 17:59:04] Processando chunk 16 de 2025/01 (50000 registros)
[2025-09-17 17:59:04] Processando chunk 17 de 2025/01 (50000 registros)
[2025-09-17 17:59:04] Processando chunk 18 de 2025/01 (50000 registros)
[2025-09-17 17:59:04] Processando chunk 19 de 2025/01 (50000 registros)
[2025-09-17 17:59:05] Processando chunk 20 de 2025/01 (50000 registros)
[2025-09-17 17:59:05] Processando chunk 21 de 2025/01 (50000 registros)
[2025-09-17 17:59:05] Processando chunk 22 de 2025/01 (50000 registros)
[2025-09-17 17:59:05] Processando chunk 23 de 2025/01 (50000 registros)
[2025-09-17 17:59:05] Processando chunk 24 de 2025/01 (50000 registros)
[2025-09-17 17:59:06] Processando chunk 25 de 2025/01 (50000 registros)
[2025-09-17 17:59:06] Processando chunk 26 de 2025/01 (50000 registros)
[2025-09-17 17:59:06] Processando chunk 27 de 2025/01 (50000 registros)
[2025-09-17 17:59:06] Processando chunk 28 de 2025/01 (50000 registros)
[2025-09-17 17:59:07] Processando chunk 29 de 2025/01 (50000 registros)
[2025-09-17 17:59:07] Processando chunk 30 de 2025/01 (50000 registros)
[2025-09-17 17:59:07] Processando chunk 31 de 2025/01 (50000 registros)
[2025-09-17 17:59:07] Processando chunk 32 de 2025/01 (50000 registros)
[2025-09-17 17:59:08] Processando chunk 33 de 2025/01 (50000 registros)
[2025-09-17 17:59:08] Processando chunk 34 de 2025/01 (50000 registros)
[2025-09-17 17:59:08] Processando chunk 35 de 2025/01 (50000 registros)
[2025-09-17 17:59:08] Processando chunk 36 de 2025/01 (50000 registros)
[2025-09-17 17:59:09] Processando chunk 37 de 2025/01 (50000 registros)
[2025-09-17 17:59:09] Processando chunk 38 de 2025/01 (50000 registros)
[2025-09-17 17:59:09] Processando chunk 39 de 2025/01 (50000 registros)
[2025-09-17 17:59:09] Processando chunk 40 de 2025/01 (50000 registros)
[2025-09-17 17:59:09] Processando chunk 41 de 2025/01 (50000 registros)
[2025-09-17 17:59:10] Processando chunk 42 de 2025/01 (50000 registros)
[2025-09-17 17:59:10] Processando chunk 43 de 2025/01 (50000 registros)
[2025-09-17 17:59:10] Processando chunk 44 de 2025/01 (50000 registros)
[2025-09-17 17:59:10] Processando chunk 45 de 2025/01 (50000 registros)
[2025-09-17 17:59:11] Processando chunk 46 de 2025/01 (50000 registros)
[2025-09-17 17:59:11] Processando chunk 47 de 2025/01 (50000 registros)
[2025-09-17 17:59:11] Processando chunk 48 de 2025/01 (50000 registros)
[2025-09-17 17:59:11] Processando chunk 49 de 2025/01 (50000 registros)
[2025-09-17 17:59:12] Processando chunk 50 de 2025/01 (50000 registros)
[2025-09-17 17:59:12] Processando chunk 51 de 2025/01 (50000 registros)
[2025-09-17 17:59:12] Processando chunk 52 de 2025/01 (50000 registros)
[2025-09-17 17:59:12] Processando chunk 53 de 2025/01 (50000 registros)
[2025-09-17 17:59:13] Processando chunk 54 de 2025/01 (50000 registros)
[2025-09-17 17:59:13] Processando chunk 55 de 2025/01 (50000 registros)
[2025-09-17 17:59:13] Processando chunk 56 de 2025/01 (50000 registros)
[2025-09-17 17:59:13] Processando chunk 57 de 2025/01 (50000 registros)
[2025-09-17 17:59:14] Processando chunk 58 de 2025/01 (50000 registros)
[2025-09-17 17:59:14] Processando chunk 59 de 2025/01 (50000 registros)
[2025-09-17 17:59:14] Processando chunk 60 de 2025/01 (50000 registros)
[2025-09-17 17:59:14] Processando chunk 61 de 2025/01 (50000 registros)
[2025-09-17 17:59:15] Processando chunk 62 de 2025/01 (50000 registros)
[2025-09-17 17:59:15] Processando chunk 63 de 2025/01 (50000 registros)
[2025-09-17 17:59:15] Processando chunk 64 de 2025/01 (50000 registros)
[2025-09-17 17:59:15] Processando chunk 65 de 2025/01 (50000 registros)
[2025-09-17 17:59:16] Processando chunk 66 de 2025/01 (50000 registros)
[2025-09-17 17:59:16] Processando chunk 67 de 2025/01 (50000 registros)
[2025-09-17 17:59:16] Processando chunk 68 de 2025/01 (50000 registros)
[2025-09-17 17:59:16] Processando chunk 69 de 2025/01 (50000 registros)
[2025-09-17 17:59:17] Processando chunk 70 de 2025/01 (50000 registros)
[2025-09-17 17:59:17] Processando chunk 71 de 2025/01 (50000 registros)
[2025-09-17 17:59:17] Processando chunk 72 de 2025/01 (50000 registros)
[2025-09-17 17:59:17] Processando chunk 73 de 2025/01 (50000 registros)
[2025-09-17 17:59:17] Processando chunk 74 de 2025/01 (50000 registros)
[2025-09-17 17:59:18] Processando chunk 75 de 2025/01 (50000 registros)
[2025-09-17 17:59:18] Processando chunk 76 de 2025/01 (50000 registros)
[2025-09-17 17:59:18] Processando chunk 77 de 2025/01 (50000 registros)
[2025-09-17 17:59:18] Processando chunk 78 de 2025/01 (50000 registros)
[2025-09-17 17:59:19] Processando chunk 79 de 2025/01 (50000 registros)
[2025-09-17 17:59:19] Processando chunk 80 de 2025/01 (47527 registros)
[2025-09-17 17:59:19] ✓ Processado: 3997527 registros para 2025/01
[2025-09-17 17:59:19] ✓ Sucesso: 3997527 registros coletados para 2025/01
[2025-09-17 17:59:21] === DADOS COLETADOS ===
[2025-09-17 17:59:21] Total de registros brutos: 36623178
[2025-09-17 17:59:21] Downloads bem-sucedidos: 13/13
[2025-09-17 17:59:21] === REMOVENDO DUPLICATAS ===
[2025-09-17 17:59:22] Processando chunk 1 para remoção de duplicatas (100000 registros)
[2025-09-17 17:59:22] Processando chunk 2 para remoção de duplicatas (100000 registros)
[2025-09-17 17:59:22] Processando chunk 3 para remoção de duplicatas (100000 registros)
[2025-09-17 17:59:23] Processando chunk 4 para remoção de duplicatas (100000 registros)
[2025-09-17 17:59:23] Processando chunk 5 para remoção de duplicatas (100000 registros)
[2025-09-17 17:59:23] Processando chunk 6 para remoção de duplicatas (100000 registros)
[2025-09-17 17:59:23] Processando chunk 7 para remoção de duplicatas (100000 registros)
[2025-09-17 17:59:23] Processando chunk 8 para remoção de duplicatas (100000 registros)
[2025-09-17 17:59:24] Processando chunk 9 para remoção de duplicatas (100000 registros)
[2025-09-17 17:59:24] Processando chunk 10 para remoção de duplicatas (100000 registros)
[2025-09-17 17:59:24] Processando chunk 11 para remoção de duplicatas (100000 registros)
[2025-09-17 17:59:24] Processando chunk 12 para remoção de duplicatas (100000 registros)
[2025-09-17 17:59:24] Processando chunk 13 para remoção de duplicatas (100000 registros)
[2025-09-17 17:59:25] Processando chunk 14 para remoção de duplicatas (100000 registros)
[2025-09-17 17:59:25] Processando chunk 15 para remoção de duplicatas (100000 registros)
[2025-09-17 17:59:25] Processando chunk 16 para remoção de duplicatas (100000 registros)
[2025-09-17 17:59:25] Processando chunk 17 para remoção de duplicatas (100000 registros)
[2025-09-17 17:59:26] Processando chunk 18 para remoção de duplicatas (100000 registros)
[2025-09-17 17:59:26] Processando chunk 19 para remoção de duplicatas (100000 registros)
[2025-09-17 17:59:26] Processando chunk 20 para remoção de duplicatas (100000 registros)
[2025-09-17 17:59:26] Processando chunk 21 para remoção de duplicatas (100000 registros)
[2025-09-17 17:59:26] Processando chunk 22 para remoção de duplicatas (100000 registros)
[2025-09-17 17:59:27] Processando chunk 23 para remoção de duplicatas (100000 registros)
[2025-09-17 17:59:27] Processando chunk 24 para remoção de duplicatas (100000 registros)
[2025-09-17 17:59:27] Processando chunk 25 para remoção de duplicatas (100000 registros)
[2025-09-17 17:59:27] Processando chunk 26 para remoção de duplicatas (100000 registros)
[2025-09-17 17:59:28] Processando chunk 27 para remoção de duplicatas (100000 registros)
[2025-09-17 17:59:28] Processando chunk 28 para remoção de duplicatas (100000 registros)
[2025-09-17 17:59:28] Processando chunk 29 para remoção de duplicatas (100000 registros)
[2025-09-17 17:59:28] Processando chunk 30 para remoção de duplicatas (100000 registros)
[2025-09-17 17:59:29] Processando chunk 31 para remoção de duplicatas (100000 registros)
[2025-09-17 17:59:29] Processando chunk 32 para remoção de duplicatas (100000 registros)
[2025-09-17 17:59:29] Processando chunk 33 para remoção de duplicatas (100000 registros)
[2025-09-17 17:59:30] Processando chunk 34 para remoção de duplicatas (100000 registros)
[2025-09-17 17:59:30] Processando chunk 35 para remoção de duplicatas (100000 registros)
[2025-09-17 17:59:30] Processando chunk 36 para remoção de duplicatas (100000 registros)
[2025-09-17 17:59:30] Processando chunk 37 para remoção de duplicatas (100000 registros)
[2025-09-17 17:59:31] Processando chunk 38 para remoção de duplicatas (100000 registros)
[2025-09-17 17:59:31] Processando chunk 39 para remoção de duplicatas (100000 registros)
[2025-09-17 17:59:31] Processando chunk 40 para remoção de duplicatas (100000 registros)
[2025-09-17 17:59:32] Processando chunk 41 para remoção de duplicatas (100000 registros)
[2025-09-17 17:59:32] Processando chunk 42 para remoção de duplicatas (100000 registros)
[2025-09-17 17:59:33] Processando chunk 43 para remoção de duplicatas (100000 registros)
[2025-09-17 17:59:33] Processando chunk 44 para remoção de duplicatas (100000 registros)
[2025-09-17 17:59:33] Processando chunk 45 para remoção de duplicatas (100000 registros)
[2025-09-17 17:59:33] Processando chunk 46 para remoção de duplicatas (100000 registros)
[2025-09-17 17:59:34] Processando chunk 47 para remoção de duplicatas (100000 registros)
[2025-09-17 17:59:34] Processando chunk 48 para remoção de duplicatas (100000 registros)
[2025-09-17 17:59:34] Processando chunk 49 para remoção de duplicatas (100000 registros)
[2025-09-17 17:59:35] Processando chunk 50 para remoção de duplicatas (100000 registros)
[2025-09-17 17:59:35] Processando chunk 51 para remoção de duplicatas (100000 registros)
[2025-09-17 17:59:35] Processando chunk 52 para remoção de duplicatas (100000 registros)
[2025-09-17 17:59:36] Processando chunk 53 para remoção de duplicatas (100000 registros)
[2025-09-17 17:59:36] Processando chunk 54 para remoção de duplicatas (100000 registros)
[2025-09-17 17:59:37] Processando chunk 55 para remoção de duplicatas (100000 registros)
[2025-09-17 17:59:37] Processando chunk 56 para remoção de duplicatas (100000 registros)
[2025-09-17 17:59:37] Processando chunk 57 para remoção de duplicatas (100000 registros)
[2025-09-17 17:59:37] Processando chunk 58 para remoção de duplicatas (100000 registros)
[2025-09-17 17:59:38] Processando chunk 59 para remoção de duplicatas (100000 registros)
[2025-09-17 17:59:38] Processando chunk 60 para remoção de duplicatas (100000 registros)
[2025-09-17 17:59:38] Processando chunk 61 para remoção de duplicatas (100000 registros)
[2025-09-17 17:59:39] Processando chunk 62 para remoção de duplicatas (100000 registros)
[2025-09-17 17:59:39] Processando chunk 63 para remoção de duplicatas (100000 registros)
[2025-09-17 17:59:39] Processando chunk 64 para remoção de duplicatas (100000 registros)
[2025-09-17 17:59:40] Processando chunk 65 para remoção de duplicatas (100000 registros)
[2025-09-17 17:59:40] Processando chunk 66 para remoção de duplicatas (100000 registros)
[2025-09-17 17:59:41] Processando chunk 67 para remoção de duplicatas (100000 registros)
[2025-09-17 17:59:41] Processando chunk 68 para remoção de duplicatas (100000 registros)
[2025-09-17 17:59:41] Processando chunk 69 para remoção de duplicatas (100000 registros)
[2025-09-17 17:59:42] Processando chunk 70 para remoção de duplicatas (100000 registros)
[2025-09-17 17:59:42] Processando chunk 71 para remoção de duplicatas (100000 registros)
[2025-09-17 17:59:42] Processando chunk 72 para remoção de duplicatas (100000 registros)
[2025-09-17 17:59:43] Processando chunk 73 para remoção de duplicatas (100000 registros)
[2025-09-17 17:59:43] Processando chunk 74 para remoção de duplicatas (100000 registros)
[2025-09-17 17:59:44] Processando chunk 75 para remoção de duplicatas (100000 registros)
[2025-09-17 17:59:44] Processando chunk 76 para remoção de duplicatas (100000 registros)
[2025-09-17 17:59:44] Processando chunk 77 para remoção de duplicatas (100000 registros)
[2025-09-17 17:59:45] Processando chunk 78 para remoção de duplicatas (100000 registros)
[2025-09-17 17:59:45] Processando chunk 79 para remoção de duplicatas (100000 registros)
[2025-09-17 17:59:45] Processando chunk 80 para remoção de duplicatas (100000 registros)
[2025-09-17 17:59:46] Processando chunk 81 para remoção de duplicatas (100000 registros)
[2025-09-17 17:59:46] Processando chunk 82 para remoção de duplicatas (100000 registros)
[2025-09-17 17:59:47] Processando chunk 83 para remoção de duplicatas (100000 registros)
[2025-09-17 17:59:47] Processando chunk 84 para remoção de duplicatas (100000 registros)
[2025-09-17 17:59:47] Processando chunk 85 para remoção de duplicatas (100000 registros)
[2025-09-17 17:59:48] Processando chunk 86 para remoção de duplicatas (100000 registros)
[2025-09-17 17:59:48] Processando chunk 87 para remoção de duplicatas (100000 registros)
[2025-09-17 17:59:48] Processando chunk 88 para remoção de duplicatas (100000 registros)
[2025-09-17 17:59:49] Processando chunk 89 para remoção de duplicatas (100000 registros)
[2025-09-17 17:59:49] Processando chunk 90 para remoção de duplicatas (100000 registros)
[2025-09-17 17:59:50] Processando chunk 91 para remoção de duplicatas (100000 registros)
[2025-09-17 17:59:50] Processando chunk 92 para remoção de duplicatas (100000 registros)
[2025-09-17 17:59:50] Processando chunk 93 para remoção de duplicatas (100000 registros)
[2025-09-17 17:59:51] Processando chunk 94 para remoção de duplicatas (100000 registros)
[2025-09-17 17:59:51] Processando chunk 95 para remoção de duplicatas (100000 registros)
[2025-09-17 17:59:51] Processando chunk 96 para remoção de duplicatas (100000 registros)
[2025-09-17 17:59:52] Processando chunk 97 para remoção de duplicatas (100000 registros)
[2025-09-17 17:59:52] Processando chunk 98 para remoção de duplicatas (100000 registros)
[2025-09-17 17:59:53] Processando chunk 99 para remoção de duplicatas (100000 registros)
[2025-09-17 17:59:53] Processando chunk 100 para remoção de duplicatas (100000 registros)
[2025-09-17 17:59:53] Processando chunk 101 para remoção de duplicatas (100000 registros)
[2025-09-17 17:59:54] Processando chunk 102 para remoção de duplicatas (100000 registros)
[2025-09-17 17:59:54] Processando chunk 103 para remoção de duplicatas (100000 registros)
[2025-09-17 17:59:55] Processando chunk 104 para remoção de duplicatas (100000 registros)
[2025-09-17 17:59:55] Processando chunk 105 para remoção de duplicatas (100000 registros)
[2025-09-17 17:59:55] Processando chunk 106 para remoção de duplicatas (100000 registros)
[2025-09-17 17:59:56] Processando chunk 107 para remoção de duplicatas (100000 registros)
[2025-09-17 17:59:56] Processando chunk 108 para remoção de duplicatas (100000 registros)
[2025-09-17 17:59:57] Processando chunk 109 para remoção de duplicatas (100000 registros)
[2025-09-17 17:59:57] Processando chunk 110 para remoção de duplicatas (100000 registros)
[2025-09-17 17:59:57] Processando chunk 111 para remoção de duplicatas (100000 registros)
[2025-09-17 17:59:58] Processando chunk 112 para remoção de duplicatas (100000 registros)
[2025-09-17 17:59:58] Processando chunk 113 para remoção de duplicatas (100000 registros)
[2025-09-17 17:59:59] Processando chunk 114 para remoção de duplicatas (100000 registros)
[2025-09-17 17:59:59] Processando chunk 115 para remoção de duplicatas (100000 registros)
[2025-09-17 17:59:59] Processando chunk 116 para remoção de duplicatas (100000 registros)
[2025-09-17 18:00:00] Processando chunk 117 para remoção de duplicatas (100000 registros)
[2025-09-17 18:00:00] Processando chunk 118 para remoção de duplicatas (100000 registros)
[2025-09-17 18:00:00] Processando chunk 119 para remoção de duplicatas (100000 registros)
[2025-09-17 18:00:01] Processando chunk 120 para remoção de duplicatas (100000 registros)
[2025-09-17 18:00:01] Processando chunk 121 para remoção de duplicatas (100000 registros)
[2025-09-17 18:00:02] Processando chunk 122 para remoção de duplicatas (100000 registros)
[2025-09-17 18:00:02] Processando chunk 123 para remoção de duplicatas (100000 registros)
[2025-09-17 18:00:02] Processando chunk 124 para remoção de duplicatas (100000 registros)
[2025-09-17 18:00:03] Processando chunk 125 para remoção de duplicatas (100000 registros)
[2025-09-17 18:00:03] Processando chunk 126 para remoção de duplicatas (100000 registros)
[2025-09-17 18:00:04] Processando chunk 127 para remoção de duplicatas (100000 registros)
[2025-09-17 18:00:04] Processando chunk 128 para remoção de duplicatas (100000 registros)
[2025-09-17 18:00:04] Processando chunk 129 para remoção de duplicatas (100000 registros)
[2025-09-17 18:00:05] Processando chunk 130 para remoção de duplicatas (100000 registros)
[2025-09-17 18:00:05] Processando chunk 131 para remoção de duplicatas (100000 registros)
[2025-09-17 18:00:06] Processando chunk 132 para remoção de duplicatas (100000 registros)
[2025-09-17 18:00:06] Processando chunk 133 para remoção de duplicatas (100000 registros)
[2025-09-17 18:00:06] Processando chunk 134 para remoção de duplicatas (100000 registros)
[2025-09-17 18:00:07] Processando chunk 135 para remoção de duplicatas (100000 registros)
[2025-09-17 18:00:07] Processando chunk 136 para remoção de duplicatas (100000 registros)
[2025-09-17 18:00:08] Processando chunk 137 para remoção de duplicatas (100000 registros)
[2025-09-17 18:00:08] Processando chunk 138 para remoção de duplicatas (100000 registros)
[2025-09-17 18:00:08] Processando chunk 139 para remoção de duplicatas (100000 registros)
[2025-09-17 18:00:09] Processando chunk 140 para remoção de duplicatas (100000 registros)
[2025-09-17 18:00:09] Processando chunk 141 para remoção de duplicatas (100000 registros)
[2025-09-17 18:00:10] Processando chunk 142 para remoção de duplicatas (100000 registros)
[2025-09-17 18:00:10] Processando chunk 143 para remoção de duplicatas (100000 registros)
[2025-09-17 18:00:10] Processando chunk 144 para remoção de duplicatas (100000 registros)
[2025-09-17 18:00:11] Processando chunk 145 para remoção de duplicatas (100000 registros)
[2025-09-17 18:00:11] Processando chunk 146 para remoção de duplicatas (100000 registros)
[2025-09-17 18:00:12] Processando chunk 147 para remoção de duplicatas (100000 registros)
[2025-09-17 18:00:12] Processando chunk 148 para remoção de duplicatas (100000 registros)
[2025-09-17 18:00:13] Processando chunk 149 para remoção de duplicatas (100000 registros)
[2025-09-17 18:00:13] Processando chunk 150 para remoção de duplicatas (100000 registros)
[2025-09-17 18:00:13] Processando chunk 151 para remoção de duplicatas (100000 registros)
[2025-09-17 18:00:14] Processando chunk 152 para remoção de duplicatas (100000 registros)
[2025-09-17 18:00:14] Processando chunk 153 para remoção de duplicatas (100000 registros)
[2025-09-17 18:00:15] Processando chunk 154 para remoção de duplicatas (100000 registros)
[2025-09-17 18:00:15] Processando chunk 155 para remoção de duplicatas (100000 registros)
[2025-09-17 18:00:15] Processando chunk 156 para remoção de duplicatas (100000 registros)
[2025-09-17 18:00:16] Processando chunk 157 para remoção de duplicatas (100000 registros)
[2025-09-17 18:00:16] Processando chunk 158 para remoção de duplicatas (100000 registros)
[2025-09-17 18:00:17] Processando chunk 159 para remoção de duplicatas (100000 registros)
[2025-09-17 18:00:17] Processando chunk 160 para remoção de duplicatas (100000 registros)
[2025-09-17 18:00:18] Processando chunk 161 para remoção de duplicatas (100000 registros)
[2025-09-17 18:00:18] Processando chunk 162 para remoção de duplicatas (100000 registros)
[2025-09-17 18:00:18] Processando chunk 163 para remoção de duplicatas (100000 registros)
[2025-09-17 18:00:19] Processando chunk 164 para remoção de duplicatas (100000 registros)
[2025-09-17 18:00:19] Processando chunk 165 para remoção de duplicatas (100000 registros)
[2025-09-17 18:00:20] Processando chunk 166 para remoção de duplicatas (100000 registros)
[2025-09-17 18:00:20] Processando chunk 167 para remoção de duplicatas (100000 registros)
[2025-09-17 18:00:21] Processando chunk 168 para remoção de duplicatas (100000 registros)
[2025-09-17 18:00:21] Processando chunk 169 para remoção de duplicatas (100000 registros)
[2025-09-17 18:00:21] Processando chunk 170 para remoção de duplicatas (100000 registros)
[2025-09-17 18:00:22] Processando chunk 171 para remoção de duplicatas (100000 registros)
[2025-09-17 18:00:22] Processando chunk 172 para remoção de duplicatas (100000 registros)
[2025-09-17 18:00:23] Processando chunk 173 para remoção de duplicatas (100000 registros)
[2025-09-17 18:00:23] Processando chunk 174 para remoção de duplicatas (100000 registros)
[2025-09-17 18:00:24] Processando chunk 175 para remoção de duplicatas (100000 registros)
[2025-09-17 18:00:24] Processando chunk 176 para remoção de duplicatas (100000 registros)
[2025-09-17 18:00:24] Processando chunk 177 para remoção de duplicatas (100000 registros)
[2025-09-17 18:00:25] Processando chunk 178 para remoção de duplicatas (100000 registros)
[2025-09-17 18:00:25] Processando chunk 179 para remoção de duplicatas (100000 registros)
[2025-09-17 18:00:26] Processando chunk 180 para remoção de duplicatas (100000 registros)
[2025-09-17 18:00:26] Processando chunk 181 para remoção de duplicatas (100000 registros)
[2025-09-17 18:00:27] Processando chunk 182 para remoção de duplicatas (100000 registros)
[2025-09-17 18:00:27] Processando chunk 183 para remoção de duplicatas (100000 registros)
[2025-09-17 18:00:28] Processando chunk 184 para remoção de duplicatas (100000 registros)
[2025-09-17 18:00:28] Processando chunk 185 para remoção de duplicatas (100000 registros)
[2025-09-17 18:00:29] Processando chunk 186 para remoção de duplicatas (100000 registros)
[2025-09-17 18:00:29] Processando chunk 187 para remoção de duplicatas (100000 registros)
[2025-09-17 18:00:30] Processando chunk 188 para remoção de duplicatas (100000 registros)
[2025-09-17 18:00:30] Processando chunk 189 para remoção de duplicatas (100000 registros)
[2025-09-17 18:00:31] Processando chunk 190 para remoção de duplicatas (100000 registros)
[2025-09-17 18:00:31] Processando chunk 191 para remoção de duplicatas (100000 registros)
[2025-09-17 18:00:32] Processando chunk 192 para remoção de duplicatas (100000 registros)
[2025-09-17 18:00:32] Processando chunk 193 para remoção de duplicatas (100000 registros)
[2025-09-17 18:00:32] Processando chunk 194 para remoção de duplicatas (100000 registros)
[2025-09-17 18:00:33] Processando chunk 195 para remoção de duplicatas (100000 registros)
[2025-09-17 18:00:33] Processando chunk 196 para remoção de duplicatas (100000 registros)
[2025-09-17 18:00:34] Processando chunk 197 para remoção de duplicatas (100000 registros)
[2025-09-17 18:00:34] Processando chunk 198 para remoção de duplicatas (100000 registros)
[2025-09-17 18:00:35] Processando chunk 199 para remoção de duplicatas (100000 registros)
[2025-09-17 18:00:35] Processando chunk 200 para remoção de duplicatas (100000 registros)
[2025-09-17 18:00:36] Processando chunk 201 para remoção de duplicatas (100000 registros)
[2025-09-17 18:00:36] Processando chunk 202 para remoção de duplicatas (100000 registros)
[2025-09-17 18:00:37] Processando chunk 203 para remoção de duplicatas (100000 registros)
[2025-09-17 18:00:37] Processando chunk 204 para remoção de duplicatas (100000 registros)
[2025-09-17 18:00:38] Processando chunk 205 para remoção de duplicatas (100000 registros)
[2025-09-17 18:00:38] Processando chunk 206 para remoção de duplicatas (100000 registros)
[2025-09-17 18:00:39] Processando chunk 207 para remoção de duplicatas (100000 registros)
[2025-09-17 18:00:39] Processando chunk 208 para remoção de duplicatas (100000 registros)
[2025-09-17 18:00:40] Processando chunk 209 para remoção de duplicatas (100000 registros)
[2025-09-17 18:00:40] Processando chunk 210 para remoção de duplicatas (100000 registros)
[2025-09-17 18:00:40] Processando chunk 211 para remoção de duplicatas (100000 registros)
[2025-09-17 18:00:41] Processando chunk 212 para remoção de duplicatas (100000 registros)
[2025-09-17 18:00:41] Processando chunk 213 para remoção de duplicatas (100000 registros)
[2025-09-17 18:00:42] Processando chunk 214 para remoção de duplicatas (100000 registros)
[2025-09-17 18:00:42] Processando chunk 215 para remoção de duplicatas (100000 registros)
[2025-09-17 18:00:43] Processando chunk 216 para remoção de duplicatas (100000 registros)
[2025-09-17 18:00:43] Processando chunk 217 para remoção de duplicatas (100000 registros)
[2025-09-17 18:00:44] Processando chunk 218 para remoção de duplicatas (100000 registros)
[2025-09-17 18:00:44] Processando chunk 219 para remoção de duplicatas (100000 registros)
[2025-09-17 18:00:44] Processando chunk 220 para remoção de duplicatas (100000 registros)
[2025-09-17 18:00:45] Processando chunk 221 para remoção de duplicatas (100000 registros)
[2025-09-17 18:00:45] Processando chunk 222 para remoção de duplicatas (100000 registros)
[2025-09-17 18:00:46] Processando chunk 223 para remoção de duplicatas (100000 registros)
[2025-09-17 18:00:46] Processando chunk 224 para remoção de duplicatas (100000 registros)
[2025-09-17 18:00:46] Processando chunk 225 para remoção de duplicatas (100000 registros)
[2025-09-17 18:00:47] Processando chunk 226 para remoção de duplicatas (100000 registros)
[2025-09-17 18:00:47] Processando chunk 227 para remoção de duplicatas (100000 registros)
[2025-09-17 18:00:48] Processando chunk 228 para remoção de duplicatas (100000 registros)
[2025-09-17 18:00:48] Processando chunk 229 para remoção de duplicatas (100000 registros)
[2025-09-17 18:00:48] Processando chunk 230 para remoção de duplicatas (100000 registros)
[2025-09-17 18:00:49] Processando chunk 231 para remoção de duplicatas (100000 registros)
[2025-09-17 18:00:49] Processando chunk 232 para remoção de duplicatas (100000 registros)
[2025-09-17 18:00:50] Processando chunk 233 para remoção de duplicatas (100000 registros)
[2025-09-17 18:00:50] Processando chunk 234 para remoção de duplicatas (100000 registros)
[2025-09-17 18:00:50] Processando chunk 235 para remoção de duplicatas (100000 registros)
[2025-09-17 18:00:51] Processando chunk 236 para remoção de duplicatas (100000 registros)
[2025-09-17 18:00:51] Processando chunk 237 para remoção de duplicatas (100000 registros)
[2025-09-17 18:00:52] Processando chunk 238 para remoção de duplicatas (100000 registros)
[2025-09-17 18:00:52] Processando chunk 239 para remoção de duplicatas (100000 registros)
[2025-09-17 18:00:52] Processando chunk 240 para remoção de duplicatas (100000 registros)
[2025-09-17 18:00:53] Processando chunk 241 para remoção de duplicatas (100000 registros)
[2025-09-17 18:00:53] Processando chunk 242 para remoção de duplicatas (100000 registros)
[2025-09-17 18:00:54] Processando chunk 243 para remoção de duplicatas (100000 registros)
[2025-09-17 18:00:54] Processando chunk 244 para remoção de duplicatas (100000 registros)
[2025-09-17 18:00:55] Processando chunk 245 para remoção de duplicatas (100000 registros)
[2025-09-17 18:00:55] Processando chunk 246 para remoção de duplicatas (100000 registros)
[2025-09-17 18:00:55] Processando chunk 247 para remoção de duplicatas (100000 registros)
[2025-09-17 18:00:56] Processando chunk 248 para remoção de duplicatas (100000 registros)
[2025-09-17 18:00:56] Processando chunk 249 para remoção de duplicatas (100000 registros)
[2025-09-17 18:00:57] Processando chunk 250 para remoção de duplicatas (100000 registros)
[2025-09-17 18:00:57] Processando chunk 251 para remoção de duplicatas (100000 registros)
[2025-09-17 18:00:57] Processando chunk 252 para remoção de duplicatas (100000 registros)
[2025-09-17 18:00:58] Processando chunk 253 para remoção de duplicatas (100000 registros)
[2025-09-17 18:00:58] Processando chunk 254 para remoção de duplicatas (100000 registros)
[2025-09-17 18:00:59] Processando chunk 255 para remoção de duplicatas (100000 registros)
[2025-09-17 18:00:59] Processando chunk 256 para remoção de duplicatas (100000 registros)
[2025-09-17 18:01:00] Processando chunk 257 para remoção de duplicatas (100000 registros)
[2025-09-17 18:01:00] Processando chunk 258 para remoção de duplicatas (100000 registros)
[2025-09-17 18:01:00] Processando chunk 259 para remoção de duplicatas (100000 registros)
[2025-09-17 18:01:01] Processando chunk 260 para remoção de duplicatas (100000 registros)
[2025-09-17 18:01:01] Processando chunk 261 para remoção de duplicatas (100000 registros)
[2025-09-17 18:01:02] Processando chunk 262 para remoção de duplicatas (100000 registros)
[2025-09-17 18:01:02] Processando chunk 263 para remoção de duplicatas (100000 registros)
[2025-09-17 18:01:02] Processando chunk 264 para remoção de duplicatas (100000 registros)
[2025-09-17 18:01:03] Processando chunk 265 para remoção de duplicatas (100000 registros)
[2025-09-17 18:01:03] Processando chunk 266 para remoção de duplicatas (100000 registros)
[2025-09-17 18:01:04] Processando chunk 267 para remoção de duplicatas (100000 registros)
[2025-09-17 18:01:04] Processando chunk 268 para remoção de duplicatas (100000 registros)
[2025-09-17 18:01:05] Processando chunk 269 para remoção de duplicatas (100000 registros)
[2025-09-17 18:01:05] Processando chunk 270 para remoção de duplicatas (100000 registros)
[2025-09-17 18:01:06] Processando chunk 271 para remoção de duplicatas (100000 registros)
[2025-09-17 18:01:06] Processando chunk 272 para remoção de duplicatas (100000 registros)
[2025-09-17 18:01:06] Processando chunk 273 para remoção de duplicatas (100000 registros)
[2025-09-17 18:01:07] Processando chunk 274 para remoção de duplicatas (100000 registros)
[2025-09-17 18:01:07] Processando chunk 275 para remoção de duplicatas (100000 registros)
[2025-09-17 18:01:08] Processando chunk 276 para remoção de duplicatas (100000 registros)
[2025-09-17 18:01:08] Processando chunk 277 para remoção de duplicatas (100000 registros)
[2025-09-17 18:01:09] Processando chunk 278 para remoção de duplicatas (100000 registros)
[2025-09-17 18:01:09] Processando chunk 279 para remoção de duplicatas (100000 registros)
[2025-09-17 18:01:10] Processando chunk 280 para remoção de duplicatas (100000 registros)
[2025-09-17 18:01:11] Processando chunk 281 para remoção de duplicatas (100000 registros)
[2025-09-17 18:01:11] Processando chunk 282 para remoção de duplicatas (100000 registros)
[2025-09-17 18:01:12] Processando chunk 283 para remoção de duplicatas (100000 registros)
[2025-09-17 18:01:12] Processando chunk 284 para remoção de duplicatas (100000 registros)
[2025-09-17 18:01:13] Processando chunk 285 para remoção de duplicatas (100000 registros)
[2025-09-17 18:01:13] Processando chunk 286 para remoção de duplicatas (100000 registros)
[2025-09-17 18:01:13] Processando chunk 287 para remoção de duplicatas (100000 registros)
[2025-09-17 18:01:14] Processando chunk 288 para remoção de duplicatas (100000 registros)
[2025-09-17 18:01:15] Processando chunk 289 para remoção de duplicatas (100000 registros)
[2025-09-17 18:01:15] Processando chunk 290 para remoção de duplicatas (100000 registros)
[2025-09-17 18:01:16] Processando chunk 291 para remoção de duplicatas (100000 registros)
[2025-09-17 18:01:16] Processando chunk 292 para remoção de duplicatas (100000 registros)
[2025-09-17 18:01:17] Processando chunk 293 para remoção de duplicatas (100000 registros)
[2025-09-17 18:01:17] Processando chunk 294 para remoção de duplicatas (100000 registros)
[2025-09-17 18:01:18] Processando chunk 295 para remoção de duplicatas (100000 registros)
[2025-09-17 18:01:18] Processando chunk 296 para remoção de duplicatas (100000 registros)
[2025-09-17 18:01:19] Processando chunk 297 para remoção de duplicatas (100000 registros)
[2025-09-17 18:01:19] Processando chunk 298 para remoção de duplicatas (100000 registros)
[2025-09-17 18:01:20] Processando chunk 299 para remoção de duplicatas (100000 registros)
[2025-09-17 18:01:20] Processando chunk 300 para remoção de duplicatas (100000 registros)
[2025-09-17 18:01:21] Processando chunk 301 para remoção de duplicatas (100000 registros)
[2025-09-17 18:01:21] Processando chunk 302 para remoção de duplicatas (100000 registros)
[2025-09-17 18:01:22] Processando chunk 303 para remoção de duplicatas (100000 registros)
[2025-09-17 18:01:22] Processando chunk 304 para remoção de duplicatas (100000 registros)
[2025-09-17 18:01:23] Processando chunk 305 para remoção de duplicatas (100000 registros)
[2025-09-17 18:01:23] Processando chunk 306 para remoção de duplicatas (100000 registros)
[2025-09-17 18:01:24] Processando chunk 307 para remoção de duplicatas (100000 registros)
[2025-09-17 18:01:24] Processando chunk 308 para remoção de duplicatas (100000 registros)
[2025-09-17 18:01:25] Processando chunk 309 para remoção de duplicatas (100000 registros)
[2025-09-17 18:01:26] Processando chunk 310 para remoção de duplicatas (100000 registros)
[2025-09-17 18:01:26] Processando chunk 311 para remoção de duplicatas (100000 registros)
[2025-09-17 18:01:27] Processando chunk 312 para remoção de duplicatas (100000 registros)
[2025-09-17 18:01:27] Processando chunk 313 para remoção de duplicatas (100000 registros)
[2025-09-17 18:01:28] Processando chunk 314 para remoção de duplicatas (100000 registros)
[2025-09-17 18:01:28] Processando chunk 315 para remoção de duplicatas (100000 registros)
[2025-09-17 18:01:29] Processando chunk 316 para remoção de duplicatas (100000 registros)
[2025-09-17 18:01:29] Processando chunk 317 para remoção de duplicatas (100000 registros)
[2025-09-17 18:01:30] Processando chunk 318 para remoção de duplicatas (100000 registros)
[2025-09-17 18:01:30] Processando chunk 319 para remoção de duplicatas (100000 registros)
[2025-09-17 18:01:31] Processando chunk 320 para remoção de duplicatas (100000 registros)
[2025-09-17 18:01:31] Processando chunk 321 para remoção de duplicatas (100000 registros)
[2025-09-17 18:01:32] Processando chunk 322 para remoção de duplicatas (100000 registros)
[2025-09-17 18:01:32] Processando chunk 323 para remoção de duplicatas (100000 registros)
[2025-09-17 18:01:33] Processando chunk 324 para remoção de duplicatas (100000 registros)
[2025-09-17 18:01:34] Processando chunk 325 para remoção de duplicatas (100000 registros)
[2025-09-17 18:01:35] Processando chunk 326 para remoção de duplicatas (100000 registros)
[2025-09-17 18:01:35] Processando chunk 327 para remoção de duplicatas (100000 registros)
[2025-09-17 18:01:36] Processando chunk 328 para remoção de duplicatas (100000 registros)
[2025-09-17 18:01:36] Processando chunk 329 para remoção de duplicatas (100000 registros)
[2025-09-17 18:01:37] Processando chunk 330 para remoção de duplicatas (100000 registros)
[2025-09-17 18:01:37] Processando chunk 331 para remoção de duplicatas (100000 registros)
[2025-09-17 18:01:38] Processando chunk 332 para remoção de duplicatas (100000 registros)
[2025-09-17 18:01:38] Processando chunk 333 para remoção de duplicatas (100000 registros)
[2025-09-17 18:01:39] Processando chunk 334 para remoção de duplicatas (100000 registros)
[2025-09-17 18:01:39] Processando chunk 335 para remoção de duplicatas (100000 registros)
[2025-09-17 18:01:40] Processando chunk 336 para remoção de duplicatas (100000 registros)
[2025-09-17 18:01:40] Processando chunk 337 para remoção de duplicatas (100000 registros)
[2025-09-17 18:01:41] Processando chunk 338 para remoção de duplicatas (100000 registros)
[2025-09-17 18:01:41] Processando chunk 339 para remoção de duplicatas (100000 registros)
[2025-09-17 18:01:42] Processando chunk 340 para remoção de duplicatas (100000 registros)
[2025-09-17 18:01:42] Processando chunk 341 para remoção de duplicatas (100000 registros)
[2025-09-17 18:01:43] Processando chunk 342 para remoção de duplicatas (100000 registros)
[2025-09-17 18:01:43] Processando chunk 343 para remoção de duplicatas (100000 registros)
[2025-09-17 18:01:43] Processando chunk 344 para remoção de duplicatas (100000 registros)
[2025-09-17 18:01:44] Processando chunk 345 para remoção de duplicatas (100000 registros)
[2025-09-17 18:01:45] Processando chunk 346 para remoção de duplicatas (100000 registros)
[2025-09-17 18:01:45] Processando chunk 347 para remoção de duplicatas (100000 registros)
[2025-09-17 18:01:46] Processando chunk 348 para remoção de duplicatas (100000 registros)
[2025-09-17 18:01:46] Processando chunk 349 para remoção de duplicatas (100000 registros)
[2025-09-17 18:01:47] Processando chunk 350 para remoção de duplicatas (100000 registros)
[2025-09-17 18:01:47] Processando chunk 351 para remoção de duplicatas (100000 registros)
[2025-09-17 18:01:48] Processando chunk 352 para remoção de duplicatas (100000 registros)
[2025-09-17 18:01:48] Processando chunk 353 para remoção de duplicatas (100000 registros)
[2025-09-17 18:01:49] Processando chunk 354 para remoção de duplicatas (100000 registros)
[2025-09-17 18:01:49] Processando chunk 355 para remoção de duplicatas (100000 registros)
[2025-09-17 18:01:50] Processando chunk 356 para remoção de duplicatas (100000 registros)
[2025-09-17 18:01:50] Processando chunk 357 para remoção de duplicatas (100000 registros)
[2025-09-17 18:01:51] Processando chunk 358 para remoção de duplicatas (100000 registros)
[2025-09-17 18:01:51] Processando chunk 359 para remoção de duplicatas (100000 registros)
[2025-09-17 18:01:52] Processando chunk 360 para remoção de duplicatas (100000 registros)
[2025-09-17 18:01:52] Processando chunk 361 para remoção de duplicatas (100000 registros)
[2025-09-17 18:01:53] Processando chunk 362 para remoção de duplicatas (100000 registros)
[2025-09-17 18:01:53] Processando chunk 363 para remoção de duplicatas (100000 registros)
[2025-09-17 18:01:54] Processando chunk 364 para remoção de duplicatas (100000 registros)
[2025-09-17 18:01:54] Processando chunk 365 para remoção de duplicatas (100000 registros)
[2025-09-17 18:01:55] Processando chunk 366 para remoção de duplicatas (100000 registros)
[2025-09-17 18:01:55] Processando chunk 367 para remoção de duplicatas (23178 registros)
[2025-09-17 18:01:56] Registros originais: 36623178
[2025-09-17 18:01:56] Registros únicos: 806610
[2025-09-17 18:01:56] Duplicatas removidas: 35816568
[2025-09-17 18:01:56] === COLETA CONCLUÍDA COM SUCESSO ===
[2025-09-17 18:01:56] Arquivo final: /home/ubuntu/dados_portal_transparencia_completo.csv
[2025-09-17 18:01:56] Total de registros únicos: 806610
[2025-09-17 18:01:56] === ESTATÍSTICAS BÁSICAS ===
[2025-09-17 18:01:56] Estados únicos (amostra): 2
[2025-09-17 18:01:56] Municípios únicos (amostra): 25
[2025-09-17 18:01:56] Colunas: ['Detalhar', 'Mês Referência', 'UF', 'Município', 'Beneficiário', 'CPF do Beneficiário', 'Representante Legal', 'Valor Disponibilizado']
[2025-09-17 18:01:56] === AMOSTRA DOS DADOS ===
[2025-09-17 18:01:56] Linha 1: UF=AC, Município=ACRELANDIA..., Beneficiário=BIANCA DA SILVA RIBEIRO...
[2025-09-17 18:01:56] Linha 2: UF=AC, Município=ACRELANDIA..., Beneficiário=DAYANE CARVALHO DA SILVA...
[2025-09-17 18:01:56] Linha 3: UF=AC, Município=ACRELANDIA..., Beneficiário=DEBORA DANTAS DE LIMA...
